<?xml version="1.0" encoding="UTF-8"?>
<testsuites name="TS_CITIZEN" time="1151.353" tests="11" failures="7" errors="0">
   <testsuite name="TS_CITIZEN" tests="11" failures="7" errors="0" time="1151.353" skipped="0" timestamp="2022-07-19 15:49:42" hostname="Thinkpad X260 - DESKTOP-D9B57TC" id="Test Suites/TS_CITIZEN">
      <properties>
[...]
</properties>
      <testcase name="Test Cases/CITIZEN/AUTH/TC_Register" time="313.326" classname="Test Cases/CITIZEN/AUTH/TC_Register" status="PASSED">
         <system-out><![CDATA[2022-07-19 15:49:42 - [TEST_CASE][PASSED] - Test Cases/CITIZEN/AUTH/TC_Register: Test Cases/CITIZEN/AUTH/TC_Register

2022-07-19 15:49:43 - [TEST_STEP][PASSED] - for ([i = 1, i <= 6, (i++)]): Browser is closed

2022-07-19 15:49:43 - [TEST_STEP][PASSED] - openBrowser(""): Browser is opened with url: ''

2022-07-19 15:49:43 - [MESSAGE][INFO] - Starting 'Chrome' driver

2022-07-19 15:49:43 - [MESSAGE][INFO] - Action delay is set to 0 milliseconds

2022-07-19 15:49:46 - [MESSAGE][PASSED] - Browser is opened with url: ''

2022-07-19 15:49:46 - [TEST_STEP][PASSED] - maximizeWindow(): Current window maximized

2022-07-19 15:49:47 - [MESSAGE][PASSED] - Current window maximized

2022-07-19 15:49:47 - [TEST_STEP][PASSED] - navigateToUrl("https://dev-getvaccine-16.netlify.app/"): Navigate to 'https://dev-getvaccine-16.netlify.app/' successfully

2022-07-19 15:49:50 - [MESSAGE][PASSED] - Navigate to 'https://dev-getvaccine-16.netlify.app/' successfully

2022-07-19 15:49:50 - [TEST_STEP][PASSED] - click(findTestObject("CITIZEN/Page_Home  GetVaccine/a_Register")): Object: 'Object Repository/CITIZEN/Page_Home  GetVaccine/a_Register' is clicked on

2022-07-19 15:49:52 - [MESSAGE][PASSED] - Object: 'Object Repository/CITIZEN/Page_Home  GetVaccine/a_Register' is clicked on

2022-07-19 15:49:52 - [TEST_STEP][PASSED] - verifyElementVisible(findTestObject("CITIZEN/Page_Registrasi  GetVaccine/h2_Register")): Object 'Object Repository/CITIZEN/Page_Registrasi  GetVaccine/h2_Register' is visible

2022-07-19 15:49:52 - [MESSAGE][PASSED] - Object 'Object Repository/CITIZEN/Page_Registrasi  GetVaccine/h2_Register' is visible

2022-07-19 15:49:52 - [TEST_STEP][PASSED] - setText(findTestObject("CITIZEN/Page_Registrasi  GetVaccine/input_NIK_basic_nik"), findTestData("CITIZEN/Register").getValue(1, i)): Text '1234' is set on object 'Object Repository/CITIZEN/Page_Registrasi  GetVaccine/input_NIK_basic_nik'

2022-07-19 15:49:53 - [MESSAGE][PASSED] - Text '1234' is set on object 'Object Repository/CITIZEN/Page_Registrasi  GetVaccine/input_NIK_basic_nik'

2022-07-19 15:49:53 - [TEST_STEP][PASSED] - setText(findTestObject("CITIZEN/Page_Registrasi  GetVaccine/input_Nama Lengkap_basic_fullname"), findTestData("CITIZEN/Register").getValue(2, i)): Text 'Harnanada' is set on object 'Object Repository/CITIZEN/Page_Registrasi  GetVaccine/input_Nama Lengkap_basic_fullname'

2022-07-19 15:49:54 - [MESSAGE][PASSED] - Text 'Harnanada' is set on object 'Object Repository/CITIZEN/Page_Registrasi  GetVaccine/input_Nama Lengkap_basic_fullname'

2022-07-19 15:49:54 - [TEST_STEP][PASSED] - setText(findTestObject("CITIZEN/Page_Registrasi  GetVaccine/input_Email_basic_email"), findTestData("CITIZEN/Register").getValue(3, i)): Text 'harnanda@email.com' is set on object 'Object Repository/CITIZEN/Page_Registrasi  GetVaccine/input_Email_basic_email'

2022-07-19 15:49:56 - [MESSAGE][PASSED] - Text 'harnanda@email.com' is set on object 'Object Repository/CITIZEN/Page_Registrasi  GetVaccine/input_Email_basic_email'

2022-07-19 15:49:56 - [TEST_STEP][PASSED] - setText(findTestObject("CITIZEN/Page_Registrasi  GetVaccine/input_Password_basic_password"), findTestData("CITIZEN/Register").getValue(4, i)): Text 'Haha1234' is set on object 'Object Repository/CITIZEN/Page_Registrasi  GetVaccine/input_Password_basic_password'

2022-07-19 15:49:57 - [MESSAGE][PASSED] - Text 'Haha1234' is set on object 'Object Repository/CITIZEN/Page_Registrasi  GetVaccine/input_Password_basic_password'

2022-07-19 15:49:57 - [TEST_STEP][PASSED] - click(findTestObject("CITIZEN/Page_Login  GetVaccine/eye")): Object: 'Object Repository/CITIZEN/Page_Login  GetVaccine/eye' is clicked on

2022-07-19 15:49:57 - [MESSAGE][PASSED] - Object: 'Object Repository/CITIZEN/Page_Login  GetVaccine/eye' is clicked on

2022-07-19 15:49:57 - [TEST_STEP][PASSED] - setText(findTestObject("CITIZEN/Page_Registrasi  GetVaccine/input_Confirm Password_basic_confirmPassword"), findTestData("CITIZEN/Register").getValue(5, i)): Text 'Haha1234' is set on object 'Object Repository/CITIZEN/Page_Registrasi  GetVaccine/input_Confirm Password_basic_confirmPassword'

2022-07-19 15:49:58 - [MESSAGE][PASSED] - Text 'Haha1234' is set on object 'Object Repository/CITIZEN/Page_Registrasi  GetVaccine/input_Confirm Password_basic_confirmPassword'

2022-07-19 15:49:58 - [TEST_STEP][PASSED] - click(findTestObject("CITIZEN/Page_Login  GetVaccine/eye")): Object: 'Object Repository/CITIZEN/Page_Login  GetVaccine/eye' is clicked on

2022-07-19 15:49:59 - [MESSAGE][PASSED] - Object: 'Object Repository/CITIZEN/Page_Login  GetVaccine/eye' is clicked on

2022-07-19 15:49:59 - [TEST_STEP][PASSED] - click(findTestObject("CITIZEN/Page_Registrasi  GetVaccine/button_Register")): Object: 'Object Repository/CITIZEN/Page_Registrasi  GetVaccine/button_Register' is clicked on

2022-07-19 15:49:59 - [MESSAGE][PASSED] - Object: 'Object Repository/CITIZEN/Page_Registrasi  GetVaccine/button_Register' is clicked on

2022-07-19 15:49:59 - [TEST_STEP][PASSED] - if (i == 1): Object 'Object Repository/CITIZEN/Page_Registrasi  GetVaccine/div_Masukkan minimal 16 karakter' is visible

2022-07-19 15:49:59 - [TEST_STEP][PASSED] - verifyElementVisible(findTestObject("CITIZEN/Page_Registrasi  GetVaccine/div_Masukkan minimal 16 karakter"), CONTINUE_ON_FAILURE): Object 'Object Repository/CITIZEN/Page_Registrasi  GetVaccine/div_Masukkan minimal 16 karakter' is visible

2022-07-19 15:50:00 - [MESSAGE][PASSED] - Object 'Object Repository/CITIZEN/Page_Registrasi  GetVaccine/div_Masukkan minimal 16 karakter' is visible

2022-07-19 15:50:00 - [TEST_STEP][PASSED] - closeBrowser(): Browser is closed

2022-07-19 15:50:01 - [MESSAGE][PASSED] - Browser is closed

2022-07-19 15:50:01 - [TEST_STEP][PASSED] - openBrowser(""): Browser is opened with url: ''

2022-07-19 15:50:01 - [MESSAGE][INFO] - Starting 'Chrome' driver

2022-07-19 15:50:01 - [MESSAGE][INFO] - Action delay is set to 0 milliseconds

2022-07-19 15:50:03 - [MESSAGE][PASSED] - Browser is opened with url: ''

2022-07-19 15:50:03 - [TEST_STEP][PASSED] - maximizeWindow(): Current window maximized

2022-07-19 15:50:03 - [MESSAGE][PASSED] - Current window maximized

2022-07-19 15:50:03 - [TEST_STEP][PASSED] - navigateToUrl("https://dev-getvaccine-16.netlify.app/"): Navigate to 'https://dev-getvaccine-16.netlify.app/' successfully

2022-07-19 15:50:11 - [MESSAGE][PASSED] - Navigate to 'https://dev-getvaccine-16.netlify.app/' successfully

2022-07-19 15:50:11 - [TEST_STEP][PASSED] - click(findTestObject("CITIZEN/Page_Home  GetVaccine/a_Register")): Object: 'Object Repository/CITIZEN/Page_Home  GetVaccine/a_Register' is clicked on

2022-07-19 15:50:11 - [MESSAGE][PASSED] - Object: 'Object Repository/CITIZEN/Page_Home  GetVaccine/a_Register' is clicked on

2022-07-19 15:50:11 - [TEST_STEP][PASSED] - verifyElementVisible(findTestObject("CITIZEN/Page_Registrasi  GetVaccine/h2_Register")): Object 'Object Repository/CITIZEN/Page_Registrasi  GetVaccine/h2_Register' is visible

2022-07-19 15:50:12 - [MESSAGE][PASSED] - Object 'Object Repository/CITIZEN/Page_Registrasi  GetVaccine/h2_Register' is visible

2022-07-19 15:50:12 - [TEST_STEP][PASSED] - setText(findTestObject("CITIZEN/Page_Registrasi  GetVaccine/input_NIK_basic_nik"), findTestData("CITIZEN/Register").getValue(1, i)): Text '1234A' is set on object 'Object Repository/CITIZEN/Page_Registrasi  GetVaccine/input_NIK_basic_nik'

2022-07-19 15:50:13 - [MESSAGE][PASSED] - Text '1234A' is set on object 'Object Repository/CITIZEN/Page_Registrasi  GetVaccine/input_NIK_basic_nik'

2022-07-19 15:50:13 - [TEST_STEP][PASSED] - setText(findTestObject("CITIZEN/Page_Registrasi  GetVaccine/input_Nama Lengkap_basic_fullname"), findTestData("CITIZEN/Register").getValue(2, i)): Text 'Harnanda' is set on object 'Object Repository/CITIZEN/Page_Registrasi  GetVaccine/input_Nama Lengkap_basic_fullname'

2022-07-19 15:50:14 - [MESSAGE][PASSED] - Text 'Harnanda' is set on object 'Object Repository/CITIZEN/Page_Registrasi  GetVaccine/input_Nama Lengkap_basic_fullname'

2022-07-19 15:50:14 - [TEST_STEP][PASSED] - setText(findTestObject("CITIZEN/Page_Registrasi  GetVaccine/input_Email_basic_email"), findTestData("CITIZEN/Register").getValue(3, i)): Text 'harnanda@email.com' is set on object 'Object Repository/CITIZEN/Page_Registrasi  GetVaccine/input_Email_basic_email'

2022-07-19 15:50:15 - [MESSAGE][PASSED] - Text 'harnanda@email.com' is set on object 'Object Repository/CITIZEN/Page_Registrasi  GetVaccine/input_Email_basic_email'

2022-07-19 15:50:15 - [TEST_STEP][PASSED] - setText(findTestObject("CITIZEN/Page_Registrasi  GetVaccine/input_Password_basic_password"), findTestData("CITIZEN/Register").getValue(4, i)): Text 'Haha1234' is set on object 'Object Repository/CITIZEN/Page_Registrasi  GetVaccine/input_Password_basic_password'

2022-07-19 15:50:16 - [MESSAGE][PASSED] - Text 'Haha1234' is set on object 'Object Repository/CITIZEN/Page_Registrasi  GetVaccine/input_Password_basic_password'

2022-07-19 15:50:16 - [TEST_STEP][PASSED] - click(findTestObject("CITIZEN/Page_Login  GetVaccine/eye")): Object: 'Object Repository/CITIZEN/Page_Login  GetVaccine/eye' is clicked on

2022-07-19 15:50:17 - [MESSAGE][PASSED] - Object: 'Object Repository/CITIZEN/Page_Login  GetVaccine/eye' is clicked on

2022-07-19 15:50:17 - [TEST_STEP][PASSED] - setText(findTestObject("CITIZEN/Page_Registrasi  GetVaccine/input_Confirm Password_basic_confirmPassword"), findTestData("CITIZEN/Register").getValue(5, i)): Text 'Haha1234' is set on object 'Object Repository/CITIZEN/Page_Registrasi  GetVaccine/input_Confirm Password_basic_confirmPassword'

2022-07-19 15:50:18 - [MESSAGE][PASSED] - Text 'Haha1234' is set on object 'Object Repository/CITIZEN/Page_Registrasi  GetVaccine/input_Confirm Password_basic_confirmPassword'

2022-07-19 15:50:18 - [TEST_STEP][PASSED] - click(findTestObject("CITIZEN/Page_Login  GetVaccine/eye")): Object: 'Object Repository/CITIZEN/Page_Login  GetVaccine/eye' is clicked on

2022-07-19 15:50:18 - [MESSAGE][PASSED] - Object: 'Object Repository/CITIZEN/Page_Login  GetVaccine/eye' is clicked on

2022-07-19 15:50:18 - [TEST_STEP][PASSED] - click(findTestObject("CITIZEN/Page_Registrasi  GetVaccine/button_Register")): Object: 'Object Repository/CITIZEN/Page_Registrasi  GetVaccine/button_Register' is clicked on

2022-07-19 15:50:19 - [MESSAGE][PASSED] - Object: 'Object Repository/CITIZEN/Page_Registrasi  GetVaccine/button_Register' is clicked on

2022-07-19 15:50:19 - [TEST_STEP][PASSED] - if (i == 1): null

2022-07-19 15:50:19 - [TEST_STEP][PASSED] - else if (i == 2): Object 'Object Repository/CITIZEN/Page_Registrasi  GetVaccine/div_Inputan Harus Berupa Angka' is visible

2022-07-19 15:50:19 - [TEST_STEP][PASSED] - verifyElementVisible(findTestObject("CITIZEN/Page_Registrasi  GetVaccine/div_Inputan Harus Berupa Angka"), CONTINUE_ON_FAILURE): Object 'Object Repository/CITIZEN/Page_Registrasi  GetVaccine/div_Inputan Harus Berupa Angka' is visible

2022-07-19 15:50:20 - [MESSAGE][PASSED] - Object 'Object Repository/CITIZEN/Page_Registrasi  GetVaccine/div_Inputan Harus Berupa Angka' is visible

2022-07-19 15:50:20 - [TEST_STEP][PASSED] - closeBrowser(): Browser is closed

2022-07-19 15:50:21 - [MESSAGE][PASSED] - Browser is closed

2022-07-19 15:50:21 - [TEST_STEP][PASSED] - openBrowser(""): Browser is opened with url: ''

2022-07-19 15:50:21 - [MESSAGE][INFO] - Starting 'Chrome' driver

2022-07-19 15:50:21 - [MESSAGE][INFO] - Action delay is set to 0 milliseconds

2022-07-19 15:50:23 - [MESSAGE][PASSED] - Browser is opened with url: ''

2022-07-19 15:50:23 - [TEST_STEP][PASSED] - maximizeWindow(): Current window maximized

2022-07-19 15:50:23 - [MESSAGE][PASSED] - Current window maximized

2022-07-19 15:50:23 - [TEST_STEP][PASSED] - navigateToUrl("https://dev-getvaccine-16.netlify.app/"): Navigate to 'https://dev-getvaccine-16.netlify.app/' successfully

2022-07-19 15:50:28 - [MESSAGE][PASSED] - Navigate to 'https://dev-getvaccine-16.netlify.app/' successfully

2022-07-19 15:50:28 - [TEST_STEP][PASSED] - click(findTestObject("CITIZEN/Page_Home  GetVaccine/a_Register")): Object: 'Object Repository/CITIZEN/Page_Home  GetVaccine/a_Register' is clicked on

2022-07-19 15:50:29 - [MESSAGE][PASSED] - Object: 'Object Repository/CITIZEN/Page_Home  GetVaccine/a_Register' is clicked on

2022-07-19 15:50:29 - [TEST_STEP][PASSED] - verifyElementVisible(findTestObject("CITIZEN/Page_Registrasi  GetVaccine/h2_Register")): Object 'Object Repository/CITIZEN/Page_Registrasi  GetVaccine/h2_Register' is visible

2022-07-19 15:50:29 - [MESSAGE][PASSED] - Object 'Object Repository/CITIZEN/Page_Registrasi  GetVaccine/h2_Register' is visible

2022-07-19 15:50:29 - [TEST_STEP][PASSED] - setText(findTestObject("CITIZEN/Page_Registrasi  GetVaccine/input_NIK_basic_nik"), findTestData("CITIZEN/Register").getValue(1, i)): Text '1234567890123456' is set on object 'Object Repository/CITIZEN/Page_Registrasi  GetVaccine/input_NIK_basic_nik'

2022-07-19 15:50:30 - [MESSAGE][PASSED] - Text '1234567890123456' is set on object 'Object Repository/CITIZEN/Page_Registrasi  GetVaccine/input_NIK_basic_nik'

2022-07-19 15:50:30 - [TEST_STEP][PASSED] - setText(findTestObject("CITIZEN/Page_Registrasi  GetVaccine/input_Nama Lengkap_basic_fullname"), findTestData("CITIZEN/Register").getValue(2, i)): Text 'Harnanda1' is set on object 'Object Repository/CITIZEN/Page_Registrasi  GetVaccine/input_Nama Lengkap_basic_fullname'

2022-07-19 15:50:31 - [MESSAGE][PASSED] - Text 'Harnanda1' is set on object 'Object Repository/CITIZEN/Page_Registrasi  GetVaccine/input_Nama Lengkap_basic_fullname'

2022-07-19 15:50:31 - [TEST_STEP][PASSED] - setText(findTestObject("CITIZEN/Page_Registrasi  GetVaccine/input_Email_basic_email"), findTestData("CITIZEN/Register").getValue(3, i)): Text 'harnanda@email.com' is set on object 'Object Repository/CITIZEN/Page_Registrasi  GetVaccine/input_Email_basic_email'

2022-07-19 15:50:32 - [MESSAGE][PASSED] - Text 'harnanda@email.com' is set on object 'Object Repository/CITIZEN/Page_Registrasi  GetVaccine/input_Email_basic_email'

2022-07-19 15:50:32 - [TEST_STEP][PASSED] - setText(findTestObject("CITIZEN/Page_Registrasi  GetVaccine/input_Password_basic_password"), findTestData("CITIZEN/Register").getValue(4, i)): Text 'Haha1234' is set on object 'Object Repository/CITIZEN/Page_Registrasi  GetVaccine/input_Password_basic_password'

2022-07-19 15:50:33 - [MESSAGE][PASSED] - Text 'Haha1234' is set on object 'Object Repository/CITIZEN/Page_Registrasi  GetVaccine/input_Password_basic_password'

2022-07-19 15:50:33 - [TEST_STEP][PASSED] - click(findTestObject("CITIZEN/Page_Login  GetVaccine/eye")): Object: 'Object Repository/CITIZEN/Page_Login  GetVaccine/eye' is clicked on

2022-07-19 15:50:34 - [MESSAGE][PASSED] - Object: 'Object Repository/CITIZEN/Page_Login  GetVaccine/eye' is clicked on

2022-07-19 15:50:34 - [TEST_STEP][PASSED] - setText(findTestObject("CITIZEN/Page_Registrasi  GetVaccine/input_Confirm Password_basic_confirmPassword"), findTestData("CITIZEN/Register").getValue(5, i)): Text 'Haha1234' is set on object 'Object Repository/CITIZEN/Page_Registrasi  GetVaccine/input_Confirm Password_basic_confirmPassword'

2022-07-19 15:50:34 - [MESSAGE][PASSED] - Text 'Haha1234' is set on object 'Object Repository/CITIZEN/Page_Registrasi  GetVaccine/input_Confirm Password_basic_confirmPassword'

2022-07-19 15:50:34 - [TEST_STEP][PASSED] - click(findTestObject("CITIZEN/Page_Login  GetVaccine/eye")): Object: 'Object Repository/CITIZEN/Page_Login  GetVaccine/eye' is clicked on

2022-07-19 15:50:35 - [MESSAGE][PASSED] - Object: 'Object Repository/CITIZEN/Page_Login  GetVaccine/eye' is clicked on

2022-07-19 15:50:35 - [TEST_STEP][PASSED] - click(findTestObject("CITIZEN/Page_Registrasi  GetVaccine/button_Register")): Object: 'Object Repository/CITIZEN/Page_Registrasi  GetVaccine/button_Register' is clicked on

2022-07-19 15:50:36 - [MESSAGE][PASSED] - Object: 'Object Repository/CITIZEN/Page_Registrasi  GetVaccine/button_Register' is clicked on

2022-07-19 15:50:36 - [TEST_STEP][PASSED] - if (i == 1): null

2022-07-19 15:50:36 - [TEST_STEP][PASSED] - else if (i == 2): null

2022-07-19 15:50:36 - [TEST_STEP][PASSED] - else if (i == 3): Object 'Object Repository/CITIZEN/Page_Registrasi  GetVaccine/div_Karakter yang diizinkan spasi, huruf ka_922eed' is visible

2022-07-19 15:50:36 - [TEST_STEP][PASSED] - verifyElementVisible(findTestObject("CITIZEN/Page_Registrasi  GetVaccine/div_Karakter yang diizinkan spasi, huruf ka_922eed"), CONTINUE_ON_FAILURE): Object 'Object Repository/CITIZEN/Page_Registrasi  GetVaccine/div_Karakter yang diizinkan spasi, huruf ka_922eed' is visible

2022-07-19 15:50:36 - [MESSAGE][PASSED] - Object 'Object Repository/CITIZEN/Page_Registrasi  GetVaccine/div_Karakter yang diizinkan spasi, huruf ka_922eed' is visible

2022-07-19 15:50:36 - [TEST_STEP][PASSED] - closeBrowser(): Browser is closed

2022-07-19 15:50:37 - [MESSAGE][PASSED] - Browser is closed

2022-07-19 15:50:37 - [TEST_STEP][PASSED] - openBrowser(""): Browser is opened with url: ''

2022-07-19 15:50:37 - [MESSAGE][INFO] - Starting 'Chrome' driver

2022-07-19 15:50:37 - [MESSAGE][INFO] - Action delay is set to 0 milliseconds

2022-07-19 15:50:39 - [MESSAGE][PASSED] - Browser is opened with url: ''

2022-07-19 15:50:39 - [TEST_STEP][PASSED] - maximizeWindow(): Current window maximized

2022-07-19 15:50:39 - [MESSAGE][PASSED] - Current window maximized

2022-07-19 15:50:39 - [TEST_STEP][PASSED] - navigateToUrl("https://dev-getvaccine-16.netlify.app/"): Navigate to 'https://dev-getvaccine-16.netlify.app/' successfully

2022-07-19 15:51:20 - [MESSAGE][PASSED] - Navigate to 'https://dev-getvaccine-16.netlify.app/' successfully

2022-07-19 15:51:20 - [TEST_STEP][PASSED] - click(findTestObject("CITIZEN/Page_Home  GetVaccine/a_Register")): Object: 'Object Repository/CITIZEN/Page_Home  GetVaccine/a_Register' is clicked on

2022-07-19 15:51:21 - [MESSAGE][PASSED] - Object: 'Object Repository/CITIZEN/Page_Home  GetVaccine/a_Register' is clicked on

2022-07-19 15:51:21 - [TEST_STEP][PASSED] - verifyElementVisible(findTestObject("CITIZEN/Page_Registrasi  GetVaccine/h2_Register")): Object 'Object Repository/CITIZEN/Page_Registrasi  GetVaccine/h2_Register' is visible

2022-07-19 15:51:21 - [MESSAGE][PASSED] - Object 'Object Repository/CITIZEN/Page_Registrasi  GetVaccine/h2_Register' is visible

2022-07-19 15:51:21 - [TEST_STEP][PASSED] - setText(findTestObject("CITIZEN/Page_Registrasi  GetVaccine/input_NIK_basic_nik"), findTestData("CITIZEN/Register").getValue(1, i)): Text '1234567890123456' is set on object 'Object Repository/CITIZEN/Page_Registrasi  GetVaccine/input_NIK_basic_nik'

2022-07-19 15:51:22 - [MESSAGE][PASSED] - Text '1234567890123456' is set on object 'Object Repository/CITIZEN/Page_Registrasi  GetVaccine/input_NIK_basic_nik'

2022-07-19 15:51:22 - [TEST_STEP][PASSED] - setText(findTestObject("CITIZEN/Page_Registrasi  GetVaccine/input_Nama Lengkap_basic_fullname"), findTestData("CITIZEN/Register").getValue(2, i)): Text 'Harnanda' is set on object 'Object Repository/CITIZEN/Page_Registrasi  GetVaccine/input_Nama Lengkap_basic_fullname'

2022-07-19 15:51:23 - [MESSAGE][PASSED] - Text 'Harnanda' is set on object 'Object Repository/CITIZEN/Page_Registrasi  GetVaccine/input_Nama Lengkap_basic_fullname'

2022-07-19 15:51:23 - [TEST_STEP][PASSED] - setText(findTestObject("CITIZEN/Page_Registrasi  GetVaccine/input_Email_basic_email"), findTestData("CITIZEN/Register").getValue(3, i)): Text 'harnanda' is set on object 'Object Repository/CITIZEN/Page_Registrasi  GetVaccine/input_Email_basic_email'

2022-07-19 15:51:24 - [MESSAGE][PASSED] - Text 'harnanda' is set on object 'Object Repository/CITIZEN/Page_Registrasi  GetVaccine/input_Email_basic_email'

2022-07-19 15:51:24 - [TEST_STEP][PASSED] - setText(findTestObject("CITIZEN/Page_Registrasi  GetVaccine/input_Password_basic_password"), findTestData("CITIZEN/Register").getValue(4, i)): Text 'Haha1234' is set on object 'Object Repository/CITIZEN/Page_Registrasi  GetVaccine/input_Password_basic_password'

2022-07-19 15:51:25 - [MESSAGE][PASSED] - Text 'Haha1234' is set on object 'Object Repository/CITIZEN/Page_Registrasi  GetVaccine/input_Password_basic_password'

2022-07-19 15:51:25 - [TEST_STEP][PASSED] - click(findTestObject("CITIZEN/Page_Login  GetVaccine/eye")): Object: 'Object Repository/CITIZEN/Page_Login  GetVaccine/eye' is clicked on

2022-07-19 15:51:26 - [MESSAGE][PASSED] - Object: 'Object Repository/CITIZEN/Page_Login  GetVaccine/eye' is clicked on

2022-07-19 15:51:26 - [TEST_STEP][PASSED] - setText(findTestObject("CITIZEN/Page_Registrasi  GetVaccine/input_Confirm Password_basic_confirmPassword"), findTestData("CITIZEN/Register").getValue(5, i)): Text 'Haha1234' is set on object 'Object Repository/CITIZEN/Page_Registrasi  GetVaccine/input_Confirm Password_basic_confirmPassword'

2022-07-19 15:51:27 - [MESSAGE][PASSED] - Text 'Haha1234' is set on object 'Object Repository/CITIZEN/Page_Registrasi  GetVaccine/input_Confirm Password_basic_confirmPassword'

2022-07-19 15:51:27 - [TEST_STEP][PASSED] - click(findTestObject("CITIZEN/Page_Login  GetVaccine/eye")): Object: 'Object Repository/CITIZEN/Page_Login  GetVaccine/eye' is clicked on

2022-07-19 15:51:27 - [MESSAGE][PASSED] - Object: 'Object Repository/CITIZEN/Page_Login  GetVaccine/eye' is clicked on

2022-07-19 15:51:27 - [TEST_STEP][PASSED] - click(findTestObject("CITIZEN/Page_Registrasi  GetVaccine/button_Register")): Object: 'Object Repository/CITIZEN/Page_Registrasi  GetVaccine/button_Register' is clicked on

2022-07-19 15:51:28 - [MESSAGE][PASSED] - Object: 'Object Repository/CITIZEN/Page_Registrasi  GetVaccine/button_Register' is clicked on

2022-07-19 15:51:28 - [TEST_STEP][PASSED] - if (i == 1): null

2022-07-19 15:51:28 - [TEST_STEP][PASSED] - else if (i == 2): null

2022-07-19 15:51:28 - [TEST_STEP][PASSED] - else if (i == 3): null

2022-07-19 15:51:28 - [TEST_STEP][PASSED] - else if (i == 4): Object 'Object Repository/CITIZEN/Page_Registrasi  GetVaccine/div_Format Email tidak valid' is visible

2022-07-19 15:51:28 - [TEST_STEP][PASSED] - verifyElementVisible(findTestObject("CITIZEN/Page_Registrasi  GetVaccine/div_Format Email tidak valid"), CONTINUE_ON_FAILURE): Object 'Object Repository/CITIZEN/Page_Registrasi  GetVaccine/div_Format Email tidak valid' is visible

2022-07-19 15:51:29 - [MESSAGE][PASSED] - Object 'Object Repository/CITIZEN/Page_Registrasi  GetVaccine/div_Format Email tidak valid' is visible

2022-07-19 15:51:29 - [TEST_STEP][PASSED] - closeBrowser(): Browser is closed

2022-07-19 15:51:30 - [MESSAGE][PASSED] - Browser is closed

2022-07-19 15:51:30 - [TEST_STEP][PASSED] - openBrowser(""): Browser is opened with url: ''

2022-07-19 15:51:30 - [MESSAGE][INFO] - Starting 'Chrome' driver

2022-07-19 15:51:30 - [MESSAGE][INFO] - Action delay is set to 0 milliseconds

2022-07-19 15:51:31 - [MESSAGE][PASSED] - Browser is opened with url: ''

2022-07-19 15:51:31 - [TEST_STEP][PASSED] - maximizeWindow(): Current window maximized

2022-07-19 15:51:32 - [MESSAGE][PASSED] - Current window maximized

2022-07-19 15:51:32 - [TEST_STEP][PASSED] - navigateToUrl("https://dev-getvaccine-16.netlify.app/"): Navigate to 'https://dev-getvaccine-16.netlify.app/' successfully

2022-07-19 15:52:58 - [MESSAGE][PASSED] - Navigate to 'https://dev-getvaccine-16.netlify.app/' successfully

2022-07-19 15:52:58 - [TEST_STEP][PASSED] - click(findTestObject("CITIZEN/Page_Home  GetVaccine/a_Register")): Object: 'Object Repository/CITIZEN/Page_Home  GetVaccine/a_Register' is clicked on

2022-07-19 15:52:59 - [MESSAGE][PASSED] - Object: 'Object Repository/CITIZEN/Page_Home  GetVaccine/a_Register' is clicked on

2022-07-19 15:52:59 - [TEST_STEP][PASSED] - verifyElementVisible(findTestObject("CITIZEN/Page_Registrasi  GetVaccine/h2_Register")): Object 'Object Repository/CITIZEN/Page_Registrasi  GetVaccine/h2_Register' is visible

2022-07-19 15:52:59 - [MESSAGE][PASSED] - Object 'Object Repository/CITIZEN/Page_Registrasi  GetVaccine/h2_Register' is visible

2022-07-19 15:52:59 - [TEST_STEP][PASSED] - setText(findTestObject("CITIZEN/Page_Registrasi  GetVaccine/input_NIK_basic_nik"), findTestData("CITIZEN/Register").getValue(1, i)): Text '1234567890123456' is set on object 'Object Repository/CITIZEN/Page_Registrasi  GetVaccine/input_NIK_basic_nik'

2022-07-19 15:53:01 - [MESSAGE][PASSED] - Text '1234567890123456' is set on object 'Object Repository/CITIZEN/Page_Registrasi  GetVaccine/input_NIK_basic_nik'

2022-07-19 15:53:01 - [TEST_STEP][PASSED] - setText(findTestObject("CITIZEN/Page_Registrasi  GetVaccine/input_Nama Lengkap_basic_fullname"), findTestData("CITIZEN/Register").getValue(2, i)): Text 'Harnanda' is set on object 'Object Repository/CITIZEN/Page_Registrasi  GetVaccine/input_Nama Lengkap_basic_fullname'

2022-07-19 15:53:02 - [MESSAGE][PASSED] - Text 'Harnanda' is set on object 'Object Repository/CITIZEN/Page_Registrasi  GetVaccine/input_Nama Lengkap_basic_fullname'

2022-07-19 15:53:02 - [TEST_STEP][PASSED] - setText(findTestObject("CITIZEN/Page_Registrasi  GetVaccine/input_Email_basic_email"), findTestData("CITIZEN/Register").getValue(3, i)): Text 'harnanda@email.com' is set on object 'Object Repository/CITIZEN/Page_Registrasi  GetVaccine/input_Email_basic_email'

2022-07-19 15:53:03 - [MESSAGE][PASSED] - Text 'harnanda@email.com' is set on object 'Object Repository/CITIZEN/Page_Registrasi  GetVaccine/input_Email_basic_email'

2022-07-19 15:53:03 - [TEST_STEP][PASSED] - setText(findTestObject("CITIZEN/Page_Registrasi  GetVaccine/input_Password_basic_password"), findTestData("CITIZEN/Register").getValue(4, i)): Text 'haha123' is set on object 'Object Repository/CITIZEN/Page_Registrasi  GetVaccine/input_Password_basic_password'

2022-07-19 15:53:04 - [MESSAGE][PASSED] - Text 'haha123' is set on object 'Object Repository/CITIZEN/Page_Registrasi  GetVaccine/input_Password_basic_password'

2022-07-19 15:53:04 - [TEST_STEP][PASSED] - click(findTestObject("CITIZEN/Page_Login  GetVaccine/eye")): Object: 'Object Repository/CITIZEN/Page_Login  GetVaccine/eye' is clicked on

2022-07-19 15:53:04 - [MESSAGE][PASSED] - Object: 'Object Repository/CITIZEN/Page_Login  GetVaccine/eye' is clicked on

2022-07-19 15:53:04 - [TEST_STEP][PASSED] - setText(findTestObject("CITIZEN/Page_Registrasi  GetVaccine/input_Confirm Password_basic_confirmPassword"), findTestData("CITIZEN/Register").getValue(5, i)): Text 'Haha1234' is set on object 'Object Repository/CITIZEN/Page_Registrasi  GetVaccine/input_Confirm Password_basic_confirmPassword'

2022-07-19 15:53:06 - [MESSAGE][PASSED] - Text 'Haha1234' is set on object 'Object Repository/CITIZEN/Page_Registrasi  GetVaccine/input_Confirm Password_basic_confirmPassword'

2022-07-19 15:53:06 - [TEST_STEP][PASSED] - click(findTestObject("CITIZEN/Page_Login  GetVaccine/eye")): Object: 'Object Repository/CITIZEN/Page_Login  GetVaccine/eye' is clicked on

2022-07-19 15:53:07 - [MESSAGE][PASSED] - Object: 'Object Repository/CITIZEN/Page_Login  GetVaccine/eye' is clicked on

2022-07-19 15:53:07 - [TEST_STEP][PASSED] - click(findTestObject("CITIZEN/Page_Registrasi  GetVaccine/button_Register")): Object: 'Object Repository/CITIZEN/Page_Registrasi  GetVaccine/button_Register' is clicked on

2022-07-19 15:53:07 - [MESSAGE][PASSED] - Object: 'Object Repository/CITIZEN/Page_Registrasi  GetVaccine/button_Register' is clicked on

2022-07-19 15:53:07 - [TEST_STEP][PASSED] - if (i == 1): null

2022-07-19 15:53:07 - [TEST_STEP][PASSED] - else if (i == 2): null

2022-07-19 15:53:07 - [TEST_STEP][PASSED] - else if (i == 3): null

2022-07-19 15:53:07 - [TEST_STEP][PASSED] - else if (i == 4): null

2022-07-19 15:53:07 - [TEST_STEP][PASSED] - else if (i == 5): Object 'Object Repository/CITIZEN/Page_Registrasi  GetVaccine/div_Password yang dimasukkan tidak sama den_ea25f1' is visible

2022-07-19 15:53:07 - [TEST_STEP][PASSED] - verifyElementVisible(findTestObject("CITIZEN/Page_Registrasi  GetVaccine/div_Password harus berupa kombinasi huruf b_9d7790"), CONTINUE_ON_FAILURE): Object 'Object Repository/CITIZEN/Page_Registrasi  GetVaccine/div_Password harus berupa kombinasi huruf b_9d7790' is visible

2022-07-19 15:53:08 - [MESSAGE][PASSED] - Object 'Object Repository/CITIZEN/Page_Registrasi  GetVaccine/div_Password harus berupa kombinasi huruf b_9d7790' is visible

2022-07-19 15:53:08 - [TEST_STEP][PASSED] - verifyElementVisible(findTestObject("CITIZEN/Page_Registrasi  GetVaccine/div_Password minimal 8 karakter"), CONTINUE_ON_FAILURE): Object 'Object Repository/CITIZEN/Page_Registrasi  GetVaccine/div_Password minimal 8 karakter' is visible

2022-07-19 15:53:08 - [MESSAGE][PASSED] - Object 'Object Repository/CITIZEN/Page_Registrasi  GetVaccine/div_Password minimal 8 karakter' is visible

2022-07-19 15:53:08 - [TEST_STEP][PASSED] - verifyElementVisible(findTestObject("CITIZEN/Page_Registrasi  GetVaccine/div_Password yang dimasukkan tidak sama den_ea25f1"), CONTINUE_ON_FAILURE): Object 'Object Repository/CITIZEN/Page_Registrasi  GetVaccine/div_Password yang dimasukkan tidak sama den_ea25f1' is visible

2022-07-19 15:53:09 - [MESSAGE][PASSED] - Object 'Object Repository/CITIZEN/Page_Registrasi  GetVaccine/div_Password yang dimasukkan tidak sama den_ea25f1' is visible

2022-07-19 15:53:09 - [TEST_STEP][PASSED] - closeBrowser(): Browser is closed

2022-07-19 15:53:11 - [MESSAGE][PASSED] - Browser is closed

2022-07-19 15:53:11 - [TEST_STEP][PASSED] - openBrowser(""): Browser is opened with url: ''

2022-07-19 15:53:11 - [MESSAGE][INFO] - Starting 'Chrome' driver

2022-07-19 15:53:11 - [MESSAGE][INFO] - Action delay is set to 0 milliseconds

2022-07-19 15:53:15 - [MESSAGE][PASSED] - Browser is opened with url: ''

2022-07-19 15:53:15 - [TEST_STEP][PASSED] - maximizeWindow(): Current window maximized

2022-07-19 15:53:15 - [MESSAGE][PASSED] - Current window maximized

2022-07-19 15:53:15 - [TEST_STEP][PASSED] - navigateToUrl("https://dev-getvaccine-16.netlify.app/"): Navigate to 'https://dev-getvaccine-16.netlify.app/' successfully

2022-07-19 15:53:24 - [MESSAGE][PASSED] - Navigate to 'https://dev-getvaccine-16.netlify.app/' successfully

2022-07-19 15:53:24 - [TEST_STEP][PASSED] - click(findTestObject("CITIZEN/Page_Home  GetVaccine/a_Register")): Object: 'Object Repository/CITIZEN/Page_Home  GetVaccine/a_Register' is clicked on

2022-07-19 15:53:25 - [MESSAGE][PASSED] - Object: 'Object Repository/CITIZEN/Page_Home  GetVaccine/a_Register' is clicked on

2022-07-19 15:53:25 - [TEST_STEP][PASSED] - verifyElementVisible(findTestObject("CITIZEN/Page_Registrasi  GetVaccine/h2_Register")): Object 'Object Repository/CITIZEN/Page_Registrasi  GetVaccine/h2_Register' is visible

2022-07-19 15:53:26 - [MESSAGE][PASSED] - Object 'Object Repository/CITIZEN/Page_Registrasi  GetVaccine/h2_Register' is visible

2022-07-19 15:53:26 - [TEST_STEP][PASSED] - setText(findTestObject("CITIZEN/Page_Registrasi  GetVaccine/input_NIK_basic_nik"), findTestData("CITIZEN/Register").getValue(1, i)): Text '' is set on object 'Object Repository/CITIZEN/Page_Registrasi  GetVaccine/input_NIK_basic_nik'

2022-07-19 15:53:27 - [MESSAGE][PASSED] - Text '' is set on object 'Object Repository/CITIZEN/Page_Registrasi  GetVaccine/input_NIK_basic_nik'

2022-07-19 15:53:27 - [TEST_STEP][PASSED] - setText(findTestObject("CITIZEN/Page_Registrasi  GetVaccine/input_Nama Lengkap_basic_fullname"), findTestData("CITIZEN/Register").getValue(2, i)): Text 'Harnanda' is set on object 'Object Repository/CITIZEN/Page_Registrasi  GetVaccine/input_Nama Lengkap_basic_fullname'

2022-07-19 15:53:28 - [MESSAGE][PASSED] - Text 'Harnanda' is set on object 'Object Repository/CITIZEN/Page_Registrasi  GetVaccine/input_Nama Lengkap_basic_fullname'

2022-07-19 15:53:28 - [TEST_STEP][PASSED] - setText(findTestObject("CITIZEN/Page_Registrasi  GetVaccine/input_Email_basic_email"), findTestData("CITIZEN/Register").getValue(3, i)): Text 'harnanda@email.com' is set on object 'Object Repository/CITIZEN/Page_Registrasi  GetVaccine/input_Email_basic_email'

2022-07-19 15:53:30 - [MESSAGE][PASSED] - Text 'harnanda@email.com' is set on object 'Object Repository/CITIZEN/Page_Registrasi  GetVaccine/input_Email_basic_email'

2022-07-19 15:53:30 - [TEST_STEP][PASSED] - setText(findTestObject("CITIZEN/Page_Registrasi  GetVaccine/input_Password_basic_password"), findTestData("CITIZEN/Register").getValue(4, i)): Text 'Haha1234' is set on object 'Object Repository/CITIZEN/Page_Registrasi  GetVaccine/input_Password_basic_password'

2022-07-19 15:53:31 - [MESSAGE][PASSED] - Text 'Haha1234' is set on object 'Object Repository/CITIZEN/Page_Registrasi  GetVaccine/input_Password_basic_password'

2022-07-19 15:53:31 - [TEST_STEP][PASSED] - click(findTestObject("CITIZEN/Page_Login  GetVaccine/eye")): Object: 'Object Repository/CITIZEN/Page_Login  GetVaccine/eye' is clicked on

2022-07-19 15:53:33 - [MESSAGE][PASSED] - Object: 'Object Repository/CITIZEN/Page_Login  GetVaccine/eye' is clicked on

2022-07-19 15:53:33 - [TEST_STEP][PASSED] - setText(findTestObject("CITIZEN/Page_Registrasi  GetVaccine/input_Confirm Password_basic_confirmPassword"), findTestData("CITIZEN/Register").getValue(5, i)): Text 'Haha1234' is set on object 'Object Repository/CITIZEN/Page_Registrasi  GetVaccine/input_Confirm Password_basic_confirmPassword'

2022-07-19 15:53:35 - [MESSAGE][PASSED] - Text 'Haha1234' is set on object 'Object Repository/CITIZEN/Page_Registrasi  GetVaccine/input_Confirm Password_basic_confirmPassword'

2022-07-19 15:53:35 - [TEST_STEP][PASSED] - click(findTestObject("CITIZEN/Page_Login  GetVaccine/eye")): Object: 'Object Repository/CITIZEN/Page_Login  GetVaccine/eye' is clicked on

2022-07-19 15:53:35 - [MESSAGE][PASSED] - Object: 'Object Repository/CITIZEN/Page_Login  GetVaccine/eye' is clicked on

2022-07-19 15:53:35 - [TEST_STEP][PASSED] - click(findTestObject("CITIZEN/Page_Registrasi  GetVaccine/button_Register")): Object: 'Object Repository/CITIZEN/Page_Registrasi  GetVaccine/button_Register' is clicked on

2022-07-19 15:53:36 - [MESSAGE][PASSED] - Object: 'Object Repository/CITIZEN/Page_Registrasi  GetVaccine/button_Register' is clicked on

2022-07-19 15:53:36 - [TEST_STEP][PASSED] - if (i == 1): null

2022-07-19 15:53:36 - [TEST_STEP][PASSED] - else if (i == 2): null

2022-07-19 15:53:36 - [TEST_STEP][PASSED] - else if (i == 3): null

2022-07-19 15:53:36 - [TEST_STEP][PASSED] - else if (i == 4): null

2022-07-19 15:53:36 - [TEST_STEP][PASSED] - else if (i == 5): null

2022-07-19 15:53:36 - [TEST_STEP][PASSED] - else: Object 'Object Repository/CITIZEN/Page_Registrasi  GetVaccine/div_NIK Tidak Boleh Kosong' is visible

2022-07-19 15:53:36 - [TEST_STEP][PASSED] - verifyElementVisible(findTestObject("CITIZEN/Page_Registrasi  GetVaccine/div_NIK Tidak Boleh Kosong"), CONTINUE_ON_FAILURE): Object 'Object Repository/CITIZEN/Page_Registrasi  GetVaccine/div_NIK Tidak Boleh Kosong' is visible

2022-07-19 15:53:37 - [MESSAGE][PASSED] - Object 'Object Repository/CITIZEN/Page_Registrasi  GetVaccine/div_NIK Tidak Boleh Kosong' is visible

2022-07-19 15:53:37 - [TEST_STEP][PASSED] - closeBrowser(): Browser is closed

2022-07-19 15:53:39 - [MESSAGE][PASSED] - Browser is closed

2022-07-19 15:53:39 - [TEST_STEP][PASSED] - for ([i = 7, i <= 9, (i++)]): Browser is closed

2022-07-19 15:53:39 - [TEST_STEP][PASSED] - openBrowser(""): Browser is opened with url: ''

2022-07-19 15:53:39 - [MESSAGE][INFO] - Starting 'Chrome' driver

2022-07-19 15:53:39 - [MESSAGE][INFO] - Action delay is set to 0 milliseconds

2022-07-19 15:53:41 - [MESSAGE][PASSED] - Browser is opened with url: ''

2022-07-19 15:53:41 - [TEST_STEP][PASSED] - maximizeWindow(): Current window maximized

2022-07-19 15:53:41 - [MESSAGE][PASSED] - Current window maximized

2022-07-19 15:53:41 - [TEST_STEP][PASSED] - navigateToUrl("https://dev-getvaccine-16.netlify.app/"): Navigate to 'https://dev-getvaccine-16.netlify.app/' successfully

2022-07-19 15:53:46 - [MESSAGE][PASSED] - Navigate to 'https://dev-getvaccine-16.netlify.app/' successfully

2022-07-19 15:53:46 - [TEST_STEP][PASSED] - click(findTestObject("CITIZEN/Page_Home  GetVaccine/a_Register")): Object: 'Object Repository/CITIZEN/Page_Home  GetVaccine/a_Register' is clicked on

2022-07-19 15:53:47 - [MESSAGE][PASSED] - Object: 'Object Repository/CITIZEN/Page_Home  GetVaccine/a_Register' is clicked on

2022-07-19 15:53:47 - [TEST_STEP][PASSED] - verifyElementVisible(findTestObject("CITIZEN/Page_Registrasi  GetVaccine/h2_Register")): Object 'Object Repository/CITIZEN/Page_Registrasi  GetVaccine/h2_Register' is visible

2022-07-19 15:53:48 - [MESSAGE][PASSED] - Object 'Object Repository/CITIZEN/Page_Registrasi  GetVaccine/h2_Register' is visible

2022-07-19 15:53:48 - [TEST_STEP][PASSED] - setText(findTestObject("CITIZEN/Page_Registrasi  GetVaccine/input_NIK_basic_nik"), findTestData("CITIZEN/Register").getValue(1, i)): Text '' is set on object 'Object Repository/CITIZEN/Page_Registrasi  GetVaccine/input_NIK_basic_nik'

2022-07-19 15:53:48 - [MESSAGE][PASSED] - Text '' is set on object 'Object Repository/CITIZEN/Page_Registrasi  GetVaccine/input_NIK_basic_nik'

2022-07-19 15:53:48 - [TEST_STEP][PASSED] - setText(findTestObject("CITIZEN/Page_Registrasi  GetVaccine/input_Nama Lengkap_basic_fullname"), findTestData("CITIZEN/Register").getValue(2, i)): Text '' is set on object 'Object Repository/CITIZEN/Page_Registrasi  GetVaccine/input_Nama Lengkap_basic_fullname'

2022-07-19 15:53:49 - [MESSAGE][PASSED] - Text '' is set on object 'Object Repository/CITIZEN/Page_Registrasi  GetVaccine/input_Nama Lengkap_basic_fullname'

2022-07-19 15:53:49 - [TEST_STEP][PASSED] - setText(findTestObject("CITIZEN/Page_Registrasi  GetVaccine/input_Email_basic_email"), findTestData("CITIZEN/Register").getValue(3, i)): Text '' is set on object 'Object Repository/CITIZEN/Page_Registrasi  GetVaccine/input_Email_basic_email'

2022-07-19 15:53:50 - [MESSAGE][PASSED] - Text '' is set on object 'Object Repository/CITIZEN/Page_Registrasi  GetVaccine/input_Email_basic_email'

2022-07-19 15:53:50 - [TEST_STEP][PASSED] - setText(findTestObject("CITIZEN/Page_Registrasi  GetVaccine/input_Password_basic_password"), findTestData("CITIZEN/Register").getValue(4, i)): Text '' is set on object 'Object Repository/CITIZEN/Page_Registrasi  GetVaccine/input_Password_basic_password'

2022-07-19 15:53:51 - [MESSAGE][PASSED] - Text '' is set on object 'Object Repository/CITIZEN/Page_Registrasi  GetVaccine/input_Password_basic_password'

2022-07-19 15:53:51 - [TEST_STEP][PASSED] - setText(findTestObject("CITIZEN/Page_Registrasi  GetVaccine/input_Confirm Password_basic_confirmPassword"), findTestData("CITIZEN/Register").getValue(5, i)): Text '' is set on object 'Object Repository/CITIZEN/Page_Registrasi  GetVaccine/input_Confirm Password_basic_confirmPassword'

2022-07-19 15:53:52 - [MESSAGE][PASSED] - Text '' is set on object 'Object Repository/CITIZEN/Page_Registrasi  GetVaccine/input_Confirm Password_basic_confirmPassword'

2022-07-19 15:53:52 - [TEST_STEP][PASSED] - click(findTestObject("CITIZEN/Page_Registrasi  GetVaccine/button_Register")): Object: 'Object Repository/CITIZEN/Page_Registrasi  GetVaccine/button_Register' is clicked on

2022-07-19 15:53:53 - [MESSAGE][PASSED] - Object: 'Object Repository/CITIZEN/Page_Registrasi  GetVaccine/button_Register' is clicked on

2022-07-19 15:53:53 - [TEST_STEP][PASSED] - if (i == 7): Object 'Object Repository/CITIZEN/Page_Registrasi  GetVaccine/alert blank field' is visible

2022-07-19 15:53:53 - [TEST_STEP][PASSED] - verifyElementVisible(findTestObject("CITIZEN/Page_Registrasi  GetVaccine/alert blank field"), CONTINUE_ON_FAILURE): Object 'Object Repository/CITIZEN/Page_Registrasi  GetVaccine/alert blank field' is visible

2022-07-19 15:53:53 - [MESSAGE][PASSED] - Object 'Object Repository/CITIZEN/Page_Registrasi  GetVaccine/alert blank field' is visible

2022-07-19 15:53:53 - [TEST_STEP][PASSED] - closeBrowser(): Browser is closed

2022-07-19 15:53:54 - [MESSAGE][PASSED] - Browser is closed

2022-07-19 15:53:54 - [TEST_STEP][PASSED] - openBrowser(""): Browser is opened with url: ''

2022-07-19 15:53:54 - [MESSAGE][INFO] - Starting 'Chrome' driver

2022-07-19 15:53:54 - [MESSAGE][INFO] - Action delay is set to 0 milliseconds

2022-07-19 15:53:56 - [MESSAGE][PASSED] - Browser is opened with url: ''

2022-07-19 15:53:56 - [TEST_STEP][PASSED] - maximizeWindow(): Current window maximized

2022-07-19 15:53:56 - [MESSAGE][PASSED] - Current window maximized

2022-07-19 15:53:56 - [TEST_STEP][PASSED] - navigateToUrl("https://dev-getvaccine-16.netlify.app/"): Navigate to 'https://dev-getvaccine-16.netlify.app/' successfully

2022-07-19 15:54:29 - [MESSAGE][PASSED] - Navigate to 'https://dev-getvaccine-16.netlify.app/' successfully

2022-07-19 15:54:29 - [TEST_STEP][PASSED] - click(findTestObject("CITIZEN/Page_Home  GetVaccine/a_Register")): Object: 'Object Repository/CITIZEN/Page_Home  GetVaccine/a_Register' is clicked on

2022-07-19 15:54:30 - [MESSAGE][PASSED] - Object: 'Object Repository/CITIZEN/Page_Home  GetVaccine/a_Register' is clicked on

2022-07-19 15:54:30 - [TEST_STEP][PASSED] - verifyElementVisible(findTestObject("CITIZEN/Page_Registrasi  GetVaccine/h2_Register")): Object 'Object Repository/CITIZEN/Page_Registrasi  GetVaccine/h2_Register' is visible

2022-07-19 15:54:30 - [MESSAGE][PASSED] - Object 'Object Repository/CITIZEN/Page_Registrasi  GetVaccine/h2_Register' is visible

2022-07-19 15:54:30 - [TEST_STEP][PASSED] - setText(findTestObject("CITIZEN/Page_Registrasi  GetVaccine/input_NIK_basic_nik"), findTestData("CITIZEN/Register").getValue(1, i)): Text '1234567890123456' is set on object 'Object Repository/CITIZEN/Page_Registrasi  GetVaccine/input_NIK_basic_nik'

2022-07-19 15:54:31 - [MESSAGE][PASSED] - Text '1234567890123456' is set on object 'Object Repository/CITIZEN/Page_Registrasi  GetVaccine/input_NIK_basic_nik'

2022-07-19 15:54:31 - [TEST_STEP][PASSED] - setText(findTestObject("CITIZEN/Page_Registrasi  GetVaccine/input_Nama Lengkap_basic_fullname"), findTestData("CITIZEN/Register").getValue(2, i)): Text 'Harnanda' is set on object 'Object Repository/CITIZEN/Page_Registrasi  GetVaccine/input_Nama Lengkap_basic_fullname'

2022-07-19 15:54:32 - [MESSAGE][PASSED] - Text 'Harnanda' is set on object 'Object Repository/CITIZEN/Page_Registrasi  GetVaccine/input_Nama Lengkap_basic_fullname'

2022-07-19 15:54:32 - [TEST_STEP][PASSED] - setText(findTestObject("CITIZEN/Page_Registrasi  GetVaccine/input_Email_basic_email"), findTestData("CITIZEN/Register").getValue(3, i)): Text 'harnanda@email.com' is set on object 'Object Repository/CITIZEN/Page_Registrasi  GetVaccine/input_Email_basic_email'

2022-07-19 15:54:33 - [MESSAGE][PASSED] - Text 'harnanda@email.com' is set on object 'Object Repository/CITIZEN/Page_Registrasi  GetVaccine/input_Email_basic_email'

2022-07-19 15:54:33 - [TEST_STEP][PASSED] - setText(findTestObject("CITIZEN/Page_Registrasi  GetVaccine/input_Password_basic_password"), findTestData("CITIZEN/Register").getValue(4, i)): Text 'Haha1234' is set on object 'Object Repository/CITIZEN/Page_Registrasi  GetVaccine/input_Password_basic_password'

2022-07-19 15:54:35 - [MESSAGE][PASSED] - Text 'Haha1234' is set on object 'Object Repository/CITIZEN/Page_Registrasi  GetVaccine/input_Password_basic_password'

2022-07-19 15:54:35 - [TEST_STEP][PASSED] - setText(findTestObject("CITIZEN/Page_Registrasi  GetVaccine/input_Confirm Password_basic_confirmPassword"), findTestData("CITIZEN/Register").getValue(5, i)): Text 'Haha1234' is set on object 'Object Repository/CITIZEN/Page_Registrasi  GetVaccine/input_Confirm Password_basic_confirmPassword'

2022-07-19 15:54:36 - [MESSAGE][PASSED] - Text 'Haha1234' is set on object 'Object Repository/CITIZEN/Page_Registrasi  GetVaccine/input_Confirm Password_basic_confirmPassword'

2022-07-19 15:54:36 - [TEST_STEP][PASSED] - click(findTestObject("CITIZEN/Page_Registrasi  GetVaccine/button_Register")): Object: 'Object Repository/CITIZEN/Page_Registrasi  GetVaccine/button_Register' is clicked on

2022-07-19 15:54:36 - [MESSAGE][PASSED] - Object: 'Object Repository/CITIZEN/Page_Registrasi  GetVaccine/button_Register' is clicked on

2022-07-19 15:54:36 - [TEST_STEP][PASSED] - if (i == 7): null

2022-07-19 15:54:36 - [TEST_STEP][PASSED] - else if (i == 8): Object 'Object Repository/CITIZEN/Page_Registrasi  GetVaccine/nik exist' is visible

2022-07-19 15:54:36 - [TEST_STEP][PASSED] - verifyElementVisible(findTestObject("CITIZEN/Page_Registrasi  GetVaccine/nik exist"), CONTINUE_ON_FAILURE): Object 'Object Repository/CITIZEN/Page_Registrasi  GetVaccine/nik exist' is visible

2022-07-19 15:54:38 - [MESSAGE][PASSED] - Object 'Object Repository/CITIZEN/Page_Registrasi  GetVaccine/nik exist' is visible

2022-07-19 15:54:38 - [TEST_STEP][PASSED] - closeBrowser(): Browser is closed

2022-07-19 15:54:39 - [MESSAGE][PASSED] - Browser is closed

2022-07-19 15:54:39 - [TEST_STEP][PASSED] - openBrowser(""): Browser is opened with url: ''

2022-07-19 15:54:39 - [MESSAGE][INFO] - Starting 'Chrome' driver

2022-07-19 15:54:39 - [MESSAGE][INFO] - Action delay is set to 0 milliseconds

2022-07-19 15:54:41 - [MESSAGE][PASSED] - Browser is opened with url: ''

2022-07-19 15:54:41 - [TEST_STEP][PASSED] - maximizeWindow(): Current window maximized

2022-07-19 15:54:41 - [MESSAGE][PASSED] - Current window maximized

2022-07-19 15:54:41 - [TEST_STEP][PASSED] - navigateToUrl("https://dev-getvaccine-16.netlify.app/"): Navigate to 'https://dev-getvaccine-16.netlify.app/' successfully

2022-07-19 15:54:44 - [MESSAGE][PASSED] - Navigate to 'https://dev-getvaccine-16.netlify.app/' successfully

2022-07-19 15:54:44 - [TEST_STEP][PASSED] - click(findTestObject("CITIZEN/Page_Home  GetVaccine/a_Register")): Object: 'Object Repository/CITIZEN/Page_Home  GetVaccine/a_Register' is clicked on

2022-07-19 15:54:45 - [MESSAGE][PASSED] - Object: 'Object Repository/CITIZEN/Page_Home  GetVaccine/a_Register' is clicked on

2022-07-19 15:54:45 - [TEST_STEP][PASSED] - verifyElementVisible(findTestObject("CITIZEN/Page_Registrasi  GetVaccine/h2_Register")): Object 'Object Repository/CITIZEN/Page_Registrasi  GetVaccine/h2_Register' is visible

2022-07-19 15:54:46 - [MESSAGE][PASSED] - Object 'Object Repository/CITIZEN/Page_Registrasi  GetVaccine/h2_Register' is visible

2022-07-19 15:54:46 - [TEST_STEP][PASSED] - setText(findTestObject("CITIZEN/Page_Registrasi  GetVaccine/input_NIK_basic_nik"), findTestData("CITIZEN/Register").getValue(1, i)): Text '1234567890123456' is set on object 'Object Repository/CITIZEN/Page_Registrasi  GetVaccine/input_NIK_basic_nik'

2022-07-19 15:54:47 - [MESSAGE][PASSED] - Text '1234567890123456' is set on object 'Object Repository/CITIZEN/Page_Registrasi  GetVaccine/input_NIK_basic_nik'

2022-07-19 15:54:47 - [TEST_STEP][PASSED] - setText(findTestObject("CITIZEN/Page_Registrasi  GetVaccine/input_Nama Lengkap_basic_fullname"), findTestData("CITIZEN/Register").getValue(2, i)): Text 'Embun' is set on object 'Object Repository/CITIZEN/Page_Registrasi  GetVaccine/input_Nama Lengkap_basic_fullname'

2022-07-19 15:54:48 - [MESSAGE][PASSED] - Text 'Embun' is set on object 'Object Repository/CITIZEN/Page_Registrasi  GetVaccine/input_Nama Lengkap_basic_fullname'

2022-07-19 15:54:48 - [TEST_STEP][PASSED] - setText(findTestObject("CITIZEN/Page_Registrasi  GetVaccine/input_Email_basic_email"), findTestData("CITIZEN/Register").getValue(3, i)): Text 'regitae@email.com' is set on object 'Object Repository/CITIZEN/Page_Registrasi  GetVaccine/input_Email_basic_email'

2022-07-19 15:54:49 - [MESSAGE][PASSED] - Text 'regitae@email.com' is set on object 'Object Repository/CITIZEN/Page_Registrasi  GetVaccine/input_Email_basic_email'

2022-07-19 15:54:49 - [TEST_STEP][PASSED] - setText(findTestObject("CITIZEN/Page_Registrasi  GetVaccine/input_Password_basic_password"), findTestData("CITIZEN/Register").getValue(4, i)): Text 'Regita1234' is set on object 'Object Repository/CITIZEN/Page_Registrasi  GetVaccine/input_Password_basic_password'

2022-07-19 15:54:50 - [MESSAGE][PASSED] - Text 'Regita1234' is set on object 'Object Repository/CITIZEN/Page_Registrasi  GetVaccine/input_Password_basic_password'

2022-07-19 15:54:50 - [TEST_STEP][PASSED] - setText(findTestObject("CITIZEN/Page_Registrasi  GetVaccine/input_Confirm Password_basic_confirmPassword"), findTestData("CITIZEN/Register").getValue(5, i)): Text 'Regita1234' is set on object 'Object Repository/CITIZEN/Page_Registrasi  GetVaccine/input_Confirm Password_basic_confirmPassword'

2022-07-19 15:54:51 - [MESSAGE][PASSED] - Text 'Regita1234' is set on object 'Object Repository/CITIZEN/Page_Registrasi  GetVaccine/input_Confirm Password_basic_confirmPassword'

2022-07-19 15:54:51 - [TEST_STEP][PASSED] - click(findTestObject("CITIZEN/Page_Registrasi  GetVaccine/button_Register")): Object: 'Object Repository/CITIZEN/Page_Registrasi  GetVaccine/button_Register' is clicked on

2022-07-19 15:54:52 - [MESSAGE][PASSED] - Object: 'Object Repository/CITIZEN/Page_Registrasi  GetVaccine/button_Register' is clicked on

2022-07-19 15:54:52 - [TEST_STEP][PASSED] - if (i == 7): null

2022-07-19 15:54:52 - [TEST_STEP][PASSED] - else if (i == 8): null

2022-07-19 15:54:52 - [TEST_STEP][PASSED] - else: Object 'Object Repository/CITIZEN/Page_Login  GetVaccine/VerifyLoginPage' is visible

2022-07-19 15:54:52 - [TEST_STEP][PASSED] - verifyElementVisible(findTestObject("CITIZEN/Page_Login  GetVaccine/VerifyLoginPage"), CONTINUE_ON_FAILURE): Object 'Object Repository/CITIZEN/Page_Login  GetVaccine/VerifyLoginPage' is visible

2022-07-19 15:54:53 - [MESSAGE][PASSED] - Object 'Object Repository/CITIZEN/Page_Login  GetVaccine/VerifyLoginPage' is visible

2022-07-19 15:54:53 - [TEST_STEP][PASSED] - closeBrowser(): Browser is closed

2022-07-19 15:54:55 - [MESSAGE][PASSED] - Browser is closed]]></system-out>
         <system-err><![CDATA[]]></system-err>
      </testcase>
      <testcase name="Test Cases/CITIZEN/AUTH/TC_Login" time="354.114" classname="Test Cases/CITIZEN/AUTH/TC_Login" status="FAILED">
         <failure type="FAILED" message="Test Cases/CITIZEN/AUTH/TC_Login FAILED.
Reason:
com.kms.katalon.core.exception.StepFailedException: Unable to navigate to 'https://dev-getvaccine-16.netlify.app/'
	at com.kms.katalon.core.webui.keyword.internal.WebUIKeywordMain.stepFailed(WebUIKeywordMain.groovy:64)
	at com.kms.katalon.core.webui.keyword.internal.WebUIKeywordMain.runKeyword(WebUIKeywordMain.groovy:26)
	at com.kms.katalon.core.webui.keyword.builtin.NavigateToUrlKeyword.navigateToUrl(NavigateToUrlKeyword.groovy:83)
	at com.kms.katalon.core.webui.keyword.builtin.NavigateToUrlKeyword.execute(NavigateToUrlKeyword.groovy:67)
	at com.kms.katalon.core.keyword.internal.KeywordExecutor.executeKeywordForPlatform(KeywordExecutor.groovy:74)
	at com.kms.katalon.core.webui.keyword.WebUiBuiltInKeywords.navigateToUrl(WebUiBuiltInKeywords.groovy:187)
	at com.kms.katalon.core.webui.keyword.WebUiBuiltInKeywords$navigateToUrl$1.call(Unknown Source)
	at TC_Login.run(TC_Login:25)
	at com.kms.katalon.core.main.ScriptEngine.run(ScriptEngine.java:194)
	at com.kms.katalon.core.main.ScriptEngine.runScriptAsRawText(ScriptEngine.java:119)
	at com.kms.katalon.core.main.TestCaseExecutor.runScript(TestCaseExecutor.java:442)
	at com.kms.katalon.core.main.TestCaseExecutor.doExecute(TestCaseExecutor.java:433)
	at com.kms.katalon.core.main.TestCaseExecutor.processExecutionPhase(TestCaseExecutor.java:412)
	at com.kms.katalon.core.main.TestCaseExecutor.accessMainPhase(TestCaseExecutor.java:404)
	at com.kms.katalon.core.main.TestCaseExecutor.execute(TestCaseExecutor.java:281)
	at com.kms.katalon.core.main.TestSuiteExecutor.accessTestCaseMainPhase(TestSuiteExecutor.java:202)
	at com.kms.katalon.core.main.TestSuiteExecutor.accessTestSuiteMainPhase(TestSuiteExecutor.java:164)
	at com.kms.katalon.core.main.TestSuiteExecutor.execute(TestSuiteExecutor.java:105)
	at com.kms.katalon.core.main.TestCaseMain.startTestSuite(TestCaseMain.java:185)
	at com.kms.katalon.core.main.TestCaseMain$startTestSuite$0.call(Unknown Source)
	at TempTestSuite1658220577327.run(TempTestSuite1658220577327.groovy:36)
Caused by: org.openqa.selenium.WebDriverException: unknown error: net::ERR_CONNECTION_TIMED_OUT
  (Session info: chrome=103.0.5060.114)
Build info: version: '3.141.59', revision: 'e82be7d358', time: '2018-11-14T08:25:53'
System info: host: 'DESKTOP-D9B57TC', ip: '192.168.100.66', os.name: 'Windows 10', os.arch: 'amd64', os.version: '10.0', java.version: '1.8.0_282'
Driver info: com.kms.katalon.selenium.driver.CChromeDriver
Capabilities {acceptInsecureCerts: false, browserName: chrome, browserVersion: 103.0.5060.114, chrome: {chromedriverVersion: 103.0.5060.53 (a1711811edd7..., userDataDir: C:\Users\THINKP~1\AppData\L...}, goog:chromeOptions: {debuggerAddress: localhost:60946}, javascriptEnabled: true, networkConnectionEnabled: false, pageLoadStrategy: normal, platform: WINDOWS, platformName: WINDOWS, proxy: Proxy(), setWindowRect: true, strictFileInteractability: false, timeouts: {implicit: 0, pageLoad: 300000, script: 30000}, unhandledPromptBehavior: dismiss and notify, webauthn:extension:credBlob: true, webauthn:extension:largeBlob: true, webauthn:virtualAuthenticators: true}
Session ID: dfa3507dfee65899d9ac49dd84cb0a00
	at org.openqa.selenium.remote.http.W3CHttpResponseCodec.createException(W3CHttpResponseCodec.java:187)
	at org.openqa.selenium.remote.http.W3CHttpResponseCodec.decode(W3CHttpResponseCodec.java:122)
	at org.openqa.selenium.remote.http.W3CHttpResponseCodec.decode(W3CHttpResponseCodec.java:49)
	at org.openqa.selenium.remote.HttpCommandExecutor.execute(HttpCommandExecutor.java:158)
	at org.openqa.selenium.remote.service.DriverCommandExecutor.execute(DriverCommandExecutor.java:83)
	at org.openqa.selenium.remote.RemoteWebDriver.execute(RemoteWebDriver.java:552)
	at com.kms.katalon.selenium.driver.CChromeDriver.execute(CChromeDriver.java:19)
	at org.openqa.selenium.remote.RemoteWebDriver.get(RemoteWebDriver.java:277)
	at org.openqa.selenium.remote.RemoteWebDriver$RemoteNavigation.to(RemoteWebDriver.java:857)
	at org.openqa.selenium.support.events.EventFiringWebDriver$EventFiringNavigation.to(EventFiringWebDriver.java:569)
	at com.kms.katalon.core.webui.keyword.builtin.NavigateToUrlKeyword$_navigateToUrl_closure1.doCall(NavigateToUrlKeyword.groovy:81)
	at com.kms.katalon.core.webui.keyword.builtin.NavigateToUrlKeyword$_navigateToUrl_closure1.call(NavigateToUrlKeyword.groovy)
	at com.kms.katalon.core.webui.keyword.internal.WebUIKeywordMain.runKeyword(WebUIKeywordMain.groovy:20)
	... 19 more
"/>
         <system-out><![CDATA[2022-07-19 15:54:55 - [TEST_CASE][FAILED] - Test Cases/CITIZEN/AUTH/TC_Login: Test Cases/CITIZEN/AUTH/TC_Login FAILED.
Reason:
com.kms.katalon.core.exception.StepFailedException: Unable to navigate to 'https://dev-getvaccine-16.netlify.app/'
	at com.kms.katalon.core.webui.keyword.internal.WebUIKeywordMain.stepFailed(WebUIKeywordMain.groovy:64)
	at com.kms.katalon.core.webui.keyword.internal.WebUIKeywordMain.runKeyword(WebUIKeywordMain.groovy:26)
	at com.kms.katalon.core.webui.keyword.builtin.NavigateToUrlKeyword.navigateToUrl(NavigateToUrlKeyword.groovy:83)
	at com.kms.katalon.core.webui.keyword.builtin.NavigateToUrlKeyword.execute(NavigateToUrlKeyword.groovy:67)
	at com.kms.katalon.core.keyword.internal.KeywordExecutor.executeKeywordForPlatform(KeywordExecutor.groovy:74)
	at com.kms.katalon.core.webui.keyword.WebUiBuiltInKeywords.navigateToUrl(WebUiBuiltInKeywords.groovy:187)
	at com.kms.katalon.core.webui.keyword.WebUiBuiltInKeywords$navigateToUrl$1.call(Unknown Source)
	at TC_Login.run(TC_Login:25)
	at com.kms.katalon.core.main.ScriptEngine.run(ScriptEngine.java:194)
	at com.kms.katalon.core.main.ScriptEngine.runScriptAsRawText(ScriptEngine.java:119)
	at com.kms.katalon.core.main.TestCaseExecutor.runScript(TestCaseExecutor.java:442)
	at com.kms.katalon.core.main.TestCaseExecutor.doExecute(TestCaseExecutor.java:433)
	at com.kms.katalon.core.main.TestCaseExecutor.processExecutionPhase(TestCaseExecutor.java:412)
	at com.kms.katalon.core.main.TestCaseExecutor.accessMainPhase(TestCaseExecutor.java:404)
	at com.kms.katalon.core.main.TestCaseExecutor.execute(TestCaseExecutor.java:281)
	at com.kms.katalon.core.main.TestSuiteExecutor.accessTestCaseMainPhase(TestSuiteExecutor.java:202)
	at com.kms.katalon.core.main.TestSuiteExecutor.accessTestSuiteMainPhase(TestSuiteExecutor.java:164)
	at com.kms.katalon.core.main.TestSuiteExecutor.execute(TestSuiteExecutor.java:105)
	at com.kms.katalon.core.main.TestCaseMain.startTestSuite(TestCaseMain.java:185)
	at com.kms.katalon.core.main.TestCaseMain$startTestSuite$0.call(Unknown Source)
	at TempTestSuite1658220577327.run(TempTestSuite1658220577327.groovy:36)
Caused by: org.openqa.selenium.WebDriverException: unknown error: net::ERR_CONNECTION_TIMED_OUT
  (Session info: chrome=103.0.5060.114)
Build info: version: '3.141.59', revision: 'e82be7d358', time: '2018-11-14T08:25:53'
System info: host: 'DESKTOP-D9B57TC', ip: '192.168.100.66', os.name: 'Windows 10', os.arch: 'amd64', os.version: '10.0', java.version: '1.8.0_282'
Driver info: com.kms.katalon.selenium.driver.CChromeDriver
Capabilities {acceptInsecureCerts: false, browserName: chrome, browserVersion: 103.0.5060.114, chrome: {chromedriverVersion: 103.0.5060.53 (a1711811edd7..., userDataDir: C:\Users\THINKP~1\AppData\L...}, goog:chromeOptions: {debuggerAddress: localhost:60946}, javascriptEnabled: true, networkConnectionEnabled: false, pageLoadStrategy: normal, platform: WINDOWS, platformName: WINDOWS, proxy: Proxy(), setWindowRect: true, strictFileInteractability: false, timeouts: {implicit: 0, pageLoad: 300000, script: 30000}, unhandledPromptBehavior: dismiss and notify, webauthn:extension:credBlob: true, webauthn:extension:largeBlob: true, webauthn:virtualAuthenticators: true}
Session ID: dfa3507dfee65899d9ac49dd84cb0a00
	at org.openqa.selenium.remote.http.W3CHttpResponseCodec.createException(W3CHttpResponseCodec.java:187)
	at org.openqa.selenium.remote.http.W3CHttpResponseCodec.decode(W3CHttpResponseCodec.java:122)
	at org.openqa.selenium.remote.http.W3CHttpResponseCodec.decode(W3CHttpResponseCodec.java:49)
	at org.openqa.selenium.remote.HttpCommandExecutor.execute(HttpCommandExecutor.java:158)
	at org.openqa.selenium.remote.service.DriverCommandExecutor.execute(DriverCommandExecutor.java:83)
	at org.openqa.selenium.remote.RemoteWebDriver.execute(RemoteWebDriver.java:552)
	at com.kms.katalon.selenium.driver.CChromeDriver.execute(CChromeDriver.java:19)
	at org.openqa.selenium.remote.RemoteWebDriver.get(RemoteWebDriver.java:277)
	at org.openqa.selenium.remote.RemoteWebDriver$RemoteNavigation.to(RemoteWebDriver.java:857)
	at org.openqa.selenium.support.events.EventFiringWebDriver$EventFiringNavigation.to(EventFiringWebDriver.java:569)
	at com.kms.katalon.core.webui.keyword.builtin.NavigateToUrlKeyword$_navigateToUrl_closure1.doCall(NavigateToUrlKeyword.groovy:81)
	at com.kms.katalon.core.webui.keyword.builtin.NavigateToUrlKeyword$_navigateToUrl_closure1.call(NavigateToUrlKeyword.groovy)
	at com.kms.katalon.core.webui.keyword.internal.WebUIKeywordMain.runKeyword(WebUIKeywordMain.groovy:20)
	... 19 more


2022-07-19 15:54:57 - [TEST_STEP][FAILED] - for ([i = 1, i <= 5, (i++)]): Unable to navigate to 'https://dev-getvaccine-16.netlify.app/' (Root cause: com.kms.katalon.core.exception.StepFailedException: Unable to navigate to 'https://dev-getvaccine-16.netlify.app/'
	at com.kms.katalon.core.webui.keyword.internal.WebUIKeywordMain.stepFailed(WebUIKeywordMain.groovy:64)
	at com.kms.katalon.core.webui.keyword.internal.WebUIKeywordMain.runKeyword(WebUIKeywordMain.groovy:26)
	at com.kms.katalon.core.webui.keyword.builtin.NavigateToUrlKeyword.navigateToUrl(NavigateToUrlKeyword.groovy:83)
	at com.kms.katalon.core.webui.keyword.builtin.NavigateToUrlKeyword.execute(NavigateToUrlKeyword.groovy:67)
	at com.kms.katalon.core.keyword.internal.KeywordExecutor.executeKeywordForPlatform(KeywordExecutor.groovy:74)
	at com.kms.katalon.core.webui.keyword.WebUiBuiltInKeywords.navigateToUrl(WebUiBuiltInKeywords.groovy:187)
	at com.kms.katalon.core.webui.keyword.WebUiBuiltInKeywords$navigateToUrl$1.call(Unknown Source)
	at TC_Login.run(TC_Login:25)
	at com.kms.katalon.core.main.ScriptEngine.run(ScriptEngine.java:194)
	at com.kms.katalon.core.main.ScriptEngine.runScriptAsRawText(ScriptEngine.java:119)
	at com.kms.katalon.core.main.TestCaseExecutor.runScript(TestCaseExecutor.java:442)
	at com.kms.katalon.core.main.TestCaseExecutor.doExecute(TestCaseExecutor.java:433)
	at com.kms.katalon.core.main.TestCaseExecutor.processExecutionPhase(TestCaseExecutor.java:412)
	at com.kms.katalon.core.main.TestCaseExecutor.accessMainPhase(TestCaseExecutor.java:404)
	at com.kms.katalon.core.main.TestCaseExecutor.execute(TestCaseExecutor.java:281)
	at com.kms.katalon.core.main.TestSuiteExecutor.accessTestCaseMainPhase(TestSuiteExecutor.java:202)
	at com.kms.katalon.core.main.TestSuiteExecutor.accessTestSuiteMainPhase(TestSuiteExecutor.java:164)
	at com.kms.katalon.core.main.TestSuiteExecutor.execute(TestSuiteExecutor.java:105)
	at com.kms.katalon.core.main.TestCaseMain.startTestSuite(TestCaseMain.java:185)
	at com.kms.katalon.core.main.TestCaseMain$startTestSuite$0.call(Unknown Source)
	at TempTestSuite1658220577327.run(TempTestSuite1658220577327.groovy:36)
Caused by: org.openqa.selenium.WebDriverException: unknown error: net::ERR_CONNECTION_TIMED_OUT
  (Session info: chrome=103.0.5060.114)
Build info: version: '3.141.59', revision: 'e82be7d358', time: '2018-11-14T08:25:53'
System info: host: 'DESKTOP-D9B57TC', ip: '192.168.100.66', os.name: 'Windows 10', os.arch: 'amd64', os.version: '10.0', java.version: '1.8.0_282'
Driver info: com.kms.katalon.selenium.driver.CChromeDriver
Capabilities {acceptInsecureCerts: false, browserName: chrome, browserVersion: 103.0.5060.114, chrome: {chromedriverVersion: 103.0.5060.53 (a1711811edd7..., userDataDir: C:\Users\THINKP~1\AppData\L...}, goog:chromeOptions: {debuggerAddress: localhost:60946}, javascriptEnabled: true, networkConnectionEnabled: false, pageLoadStrategy: normal, platform: WINDOWS, platformName: WINDOWS, proxy: Proxy(), setWindowRect: true, strictFileInteractability: false, timeouts: {implicit: 0, pageLoad: 300000, script: 30000}, unhandledPromptBehavior: dismiss and notify, webauthn:extension:credBlob: true, webauthn:extension:largeBlob: true, webauthn:virtualAuthenticators: true}
Session ID: dfa3507dfee65899d9ac49dd84cb0a00
	at org.openqa.selenium.remote.http.W3CHttpResponseCodec.createException(W3CHttpResponseCodec.java:187)
	at org.openqa.selenium.remote.http.W3CHttpResponseCodec.decode(W3CHttpResponseCodec.java:122)
	at org.openqa.selenium.remote.http.W3CHttpResponseCodec.decode(W3CHttpResponseCodec.java:49)
	at org.openqa.selenium.remote.HttpCommandExecutor.execute(HttpCommandExecutor.java:158)
	at org.openqa.selenium.remote.service.DriverCommandExecutor.execute(DriverCommandExecutor.java:83)
	at org.openqa.selenium.remote.RemoteWebDriver.execute(RemoteWebDriver.java:552)
	at com.kms.katalon.selenium.driver.CChromeDriver.execute(CChromeDriver.java:19)
	at org.openqa.selenium.remote.RemoteWebDriver.get(RemoteWebDriver.java:277)
	at org.openqa.selenium.remote.RemoteWebDriver$RemoteNavigation.to(RemoteWebDriver.java:857)
	at org.openqa.selenium.support.events.EventFiringWebDriver$EventFiringNavigation.to(EventFiringWebDriver.java:569)
	at com.kms.katalon.core.webui.keyword.builtin.NavigateToUrlKeyword$_navigateToUrl_closure1.doCall(NavigateToUrlKeyword.groovy:81)
	at com.kms.katalon.core.webui.keyword.builtin.NavigateToUrlKeyword$_navigateToUrl_closure1.call(NavigateToUrlKeyword.groovy)
	at com.kms.katalon.core.webui.keyword.internal.WebUIKeywordMain.runKeyword(WebUIKeywordMain.groovy:20)
	at com.kms.katalon.core.webui.keyword.builtin.NavigateToUrlKeyword.navigateToUrl(NavigateToUrlKeyword.groovy:83)
	at com.kms.katalon.core.webui.keyword.builtin.NavigateToUrlKeyword.execute(NavigateToUrlKeyword.groovy:67)
	at com.kms.katalon.core.keyword.internal.KeywordExecutor.executeKeywordForPlatform(KeywordExecutor.groovy:74)
	at com.kms.katalon.core.webui.keyword.WebUiBuiltInKeywords.navigateToUrl(WebUiBuiltInKeywords.groovy:187)
	at com.kms.katalon.core.webui.keyword.WebUiBuiltInKeywords$navigateToUrl$1.call(Unknown Source)
	at Script1657698773137.run(Script1657698773137.groovy:25)
	... 13 more
)

2022-07-19 15:54:57 - [TEST_STEP][PASSED] - openBrowser(""): Browser is opened with url: ''

2022-07-19 15:54:57 - [MESSAGE][INFO] - Starting 'Chrome' driver

2022-07-19 15:54:57 - [MESSAGE][INFO] - Action delay is set to 0 milliseconds

2022-07-19 15:54:58 - [MESSAGE][PASSED] - Browser is opened with url: ''

2022-07-19 15:54:58 - [TEST_STEP][PASSED] - maximizeWindow(): Current window maximized

2022-07-19 15:54:58 - [MESSAGE][PASSED] - Current window maximized

2022-07-19 15:54:58 - [TEST_STEP][PASSED] - navigateToUrl("https://dev-getvaccine-16.netlify.app/"): Navigate to 'https://dev-getvaccine-16.netlify.app/' successfully

2022-07-19 15:57:16 - [MESSAGE][PASSED] - Navigate to 'https://dev-getvaccine-16.netlify.app/' successfully

2022-07-19 15:57:16 - [TEST_STEP][PASSED] - click(findTestObject("CITIZEN/Page_Home  GetVaccine/login btn")): Object: 'Object Repository/CITIZEN/Page_Home  GetVaccine/login btn' is clicked on

2022-07-19 15:57:16 - [MESSAGE][PASSED] - Object: 'Object Repository/CITIZEN/Page_Home  GetVaccine/login btn' is clicked on

2022-07-19 15:57:16 - [TEST_STEP][PASSED] - verifyElementVisible(findTestObject("CITIZEN/Page_Login  GetVaccine/VerifyLoginPage")): Object 'Object Repository/CITIZEN/Page_Login  GetVaccine/VerifyLoginPage' is visible

2022-07-19 15:57:17 - [MESSAGE][PASSED] - Object 'Object Repository/CITIZEN/Page_Login  GetVaccine/VerifyLoginPage' is visible

2022-07-19 15:57:17 - [TEST_STEP][PASSED] - setText(findTestObject("CITIZEN/Page_Login  GetVaccine/input_NIK_basic_nik"), findTestData("CITIZEN/Login").getValue(1, i)): Text '1234A' is set on object 'Object Repository/CITIZEN/Page_Login  GetVaccine/input_NIK_basic_nik'

2022-07-19 15:57:17 - [MESSAGE][PASSED] - Text '1234A' is set on object 'Object Repository/CITIZEN/Page_Login  GetVaccine/input_NIK_basic_nik'

2022-07-19 15:57:17 - [TEST_STEP][PASSED] - setText(findTestObject("CITIZEN/Page_Registrasi  GetVaccine/password"), findTestData("CITIZEN/Login").getValue(2, i)): Text 'Haha1234' is set on object 'Object Repository/CITIZEN/Page_Registrasi  GetVaccine/password'

2022-07-19 15:57:18 - [MESSAGE][PASSED] - Text 'Haha1234' is set on object 'Object Repository/CITIZEN/Page_Registrasi  GetVaccine/password'

2022-07-19 15:57:18 - [TEST_STEP][PASSED] - click(findTestObject("CITIZEN/Page_Login  GetVaccine/eye")): Object: 'Object Repository/CITIZEN/Page_Login  GetVaccine/eye' is clicked on

2022-07-19 15:57:19 - [MESSAGE][PASSED] - Object: 'Object Repository/CITIZEN/Page_Login  GetVaccine/eye' is clicked on

2022-07-19 15:57:19 - [TEST_STEP][PASSED] - click(findTestObject("CITIZEN/Page_Login  GetVaccine/button_Login")): Object: 'Object Repository/CITIZEN/Page_Login  GetVaccine/button_Login' is clicked on

2022-07-19 15:57:19 - [MESSAGE][PASSED] - Object: 'Object Repository/CITIZEN/Page_Login  GetVaccine/button_Login' is clicked on

2022-07-19 15:57:19 - [TEST_STEP][PASSED] - if (i == 1): Object 'Object Repository/CITIZEN/Page_Login  GetVaccine/div_Input harus berupa angka' is present

2022-07-19 15:57:19 - [TEST_STEP][PASSED] - verifyElementPresent(findTestObject("CITIZEN/Page_Login  GetVaccine/div_Input harus berupa angka"), 0): Object 'Object Repository/CITIZEN/Page_Login  GetVaccine/div_Input harus berupa angka' is present

2022-07-19 15:57:20 - [MESSAGE][WARNING] - Timeout '0' is invalid. Using default page load timeout: '30'

2022-07-19 15:57:20 - [MESSAGE][PASSED] - Object 'Object Repository/CITIZEN/Page_Login  GetVaccine/div_Input harus berupa angka' is present

2022-07-19 15:57:20 - [TEST_STEP][PASSED] - closeBrowser(): Browser is closed

2022-07-19 15:57:21 - [MESSAGE][PASSED] - Browser is closed

2022-07-19 15:57:21 - [TEST_STEP][PASSED] - openBrowser(""): Browser is opened with url: ''

2022-07-19 15:57:21 - [MESSAGE][INFO] - Starting 'Chrome' driver

2022-07-19 15:57:21 - [MESSAGE][INFO] - Action delay is set to 0 milliseconds

2022-07-19 15:57:23 - [MESSAGE][PASSED] - Browser is opened with url: ''

2022-07-19 15:57:23 - [TEST_STEP][PASSED] - maximizeWindow(): Current window maximized

2022-07-19 15:57:23 - [MESSAGE][PASSED] - Current window maximized

2022-07-19 15:57:23 - [TEST_STEP][PASSED] - navigateToUrl("https://dev-getvaccine-16.netlify.app/"): Navigate to 'https://dev-getvaccine-16.netlify.app/' successfully

2022-07-19 15:58:56 - [MESSAGE][PASSED] - Navigate to 'https://dev-getvaccine-16.netlify.app/' successfully

2022-07-19 15:58:56 - [TEST_STEP][PASSED] - click(findTestObject("CITIZEN/Page_Home  GetVaccine/login btn")): Object: 'Object Repository/CITIZEN/Page_Home  GetVaccine/login btn' is clicked on

2022-07-19 15:58:57 - [MESSAGE][PASSED] - Object: 'Object Repository/CITIZEN/Page_Home  GetVaccine/login btn' is clicked on

2022-07-19 15:58:57 - [TEST_STEP][PASSED] - verifyElementVisible(findTestObject("CITIZEN/Page_Login  GetVaccine/VerifyLoginPage")): Object 'Object Repository/CITIZEN/Page_Login  GetVaccine/VerifyLoginPage' is visible

2022-07-19 15:58:57 - [MESSAGE][PASSED] - Object 'Object Repository/CITIZEN/Page_Login  GetVaccine/VerifyLoginPage' is visible

2022-07-19 15:58:57 - [TEST_STEP][PASSED] - setText(findTestObject("CITIZEN/Page_Login  GetVaccine/input_NIK_basic_nik"), findTestData("CITIZEN/Login").getValue(1, i)): Text '1234567890123456' is set on object 'Object Repository/CITIZEN/Page_Login  GetVaccine/input_NIK_basic_nik'

2022-07-19 15:58:58 - [MESSAGE][PASSED] - Text '1234567890123456' is set on object 'Object Repository/CITIZEN/Page_Login  GetVaccine/input_NIK_basic_nik'

2022-07-19 15:58:58 - [TEST_STEP][PASSED] - setText(findTestObject("CITIZEN/Page_Registrasi  GetVaccine/password"), findTestData("CITIZEN/Login").getValue(2, i)): Text 'Haha1234' is set on object 'Object Repository/CITIZEN/Page_Registrasi  GetVaccine/password'

2022-07-19 15:58:59 - [MESSAGE][PASSED] - Text 'Haha1234' is set on object 'Object Repository/CITIZEN/Page_Registrasi  GetVaccine/password'

2022-07-19 15:58:59 - [TEST_STEP][PASSED] - click(findTestObject("CITIZEN/Page_Login  GetVaccine/eye")): Object: 'Object Repository/CITIZEN/Page_Login  GetVaccine/eye' is clicked on

2022-07-19 15:58:59 - [MESSAGE][PASSED] - Object: 'Object Repository/CITIZEN/Page_Login  GetVaccine/eye' is clicked on

2022-07-19 15:58:59 - [TEST_STEP][PASSED] - click(findTestObject("CITIZEN/Page_Login  GetVaccine/button_Login")): Object: 'Object Repository/CITIZEN/Page_Login  GetVaccine/button_Login' is clicked on

2022-07-19 15:59:00 - [MESSAGE][PASSED] - Object: 'Object Repository/CITIZEN/Page_Login  GetVaccine/button_Login' is clicked on

2022-07-19 15:59:00 - [TEST_STEP][PASSED] - if (i == 1): null

2022-07-19 15:59:00 - [TEST_STEP][PASSED] - else if (i == 2): Object 'Object Repository/CITIZEN/Page_Login  GetVaccine/div_NIK atau Password Salah' is present

2022-07-19 15:59:00 - [TEST_STEP][PASSED] - verifyElementPresent(findTestObject("CITIZEN/Page_Login  GetVaccine/div_NIK atau Password Salah"), 0): Object 'Object Repository/CITIZEN/Page_Login  GetVaccine/div_NIK atau Password Salah' is present

2022-07-19 15:59:00 - [MESSAGE][WARNING] - Timeout '0' is invalid. Using default page load timeout: '30'

2022-07-19 15:59:22 - [MESSAGE][PASSED] - Object 'Object Repository/CITIZEN/Page_Login  GetVaccine/div_NIK atau Password Salah' is present

2022-07-19 15:59:22 - [TEST_STEP][PASSED] - closeBrowser(): Browser is closed

2022-07-19 15:59:23 - [MESSAGE][PASSED] - Browser is closed

2022-07-19 15:59:23 - [TEST_STEP][PASSED] - openBrowser(""): Browser is opened with url: ''

2022-07-19 15:59:23 - [MESSAGE][INFO] - Starting 'Chrome' driver

2022-07-19 15:59:23 - [MESSAGE][INFO] - Action delay is set to 0 milliseconds

2022-07-19 15:59:24 - [MESSAGE][PASSED] - Browser is opened with url: ''

2022-07-19 15:59:24 - [TEST_STEP][PASSED] - maximizeWindow(): Current window maximized

2022-07-19 15:59:24 - [MESSAGE][PASSED] - Current window maximized

2022-07-19 15:59:24 - [TEST_STEP][FAILED] - navigateToUrl("https://dev-getvaccine-16.netlify.app/"): Unable to navigate to 'https://dev-getvaccine-16.netlify.app/' (Root cause: com.kms.katalon.core.exception.StepFailedException: Unable to navigate to 'https://dev-getvaccine-16.netlify.app/'
	at com.kms.katalon.core.webui.keyword.internal.WebUIKeywordMain.stepFailed(WebUIKeywordMain.groovy:64)
	at com.kms.katalon.core.webui.keyword.internal.WebUIKeywordMain.runKeyword(WebUIKeywordMain.groovy:26)
	at com.kms.katalon.core.webui.keyword.builtin.NavigateToUrlKeyword.navigateToUrl(NavigateToUrlKeyword.groovy:83)
	at com.kms.katalon.core.webui.keyword.builtin.NavigateToUrlKeyword.execute(NavigateToUrlKeyword.groovy:67)
	at com.kms.katalon.core.keyword.internal.KeywordExecutor.executeKeywordForPlatform(KeywordExecutor.groovy:74)
	at com.kms.katalon.core.webui.keyword.WebUiBuiltInKeywords.navigateToUrl(WebUiBuiltInKeywords.groovy:187)
	at com.kms.katalon.core.webui.keyword.WebUiBuiltInKeywords$navigateToUrl$1.call(Unknown Source)
	at TC_Login.run(TC_Login:25)
	at com.kms.katalon.core.main.ScriptEngine.run(ScriptEngine.java:194)
	at com.kms.katalon.core.main.ScriptEngine.runScriptAsRawText(ScriptEngine.java:119)
	at com.kms.katalon.core.main.TestCaseExecutor.runScript(TestCaseExecutor.java:442)
	at com.kms.katalon.core.main.TestCaseExecutor.doExecute(TestCaseExecutor.java:433)
	at com.kms.katalon.core.main.TestCaseExecutor.processExecutionPhase(TestCaseExecutor.java:412)
	at com.kms.katalon.core.main.TestCaseExecutor.accessMainPhase(TestCaseExecutor.java:404)
	at com.kms.katalon.core.main.TestCaseExecutor.execute(TestCaseExecutor.java:281)
	at com.kms.katalon.core.main.TestSuiteExecutor.accessTestCaseMainPhase(TestSuiteExecutor.java:202)
	at com.kms.katalon.core.main.TestSuiteExecutor.accessTestSuiteMainPhase(TestSuiteExecutor.java:164)
	at com.kms.katalon.core.main.TestSuiteExecutor.execute(TestSuiteExecutor.java:105)
	at com.kms.katalon.core.main.TestCaseMain.startTestSuite(TestCaseMain.java:185)
	at com.kms.katalon.core.main.TestCaseMain$startTestSuite$0.call(Unknown Source)
	at TempTestSuite1658220577327.run(TempTestSuite1658220577327.groovy:36)
Caused by: org.openqa.selenium.WebDriverException: unknown error: net::ERR_CONNECTION_TIMED_OUT
  (Session info: chrome=103.0.5060.114)
Build info: version: '3.141.59', revision: 'e82be7d358', time: '2018-11-14T08:25:53'
System info: host: 'DESKTOP-D9B57TC', ip: '192.168.100.66', os.name: 'Windows 10', os.arch: 'amd64', os.version: '10.0', java.version: '1.8.0_282'
Driver info: com.kms.katalon.selenium.driver.CChromeDriver
Capabilities {acceptInsecureCerts: false, browserName: chrome, browserVersion: 103.0.5060.114, chrome: {chromedriverVersion: 103.0.5060.53 (a1711811edd7..., userDataDir: C:\Users\THINKP~1\AppData\L...}, goog:chromeOptions: {debuggerAddress: localhost:60946}, javascriptEnabled: true, networkConnectionEnabled: false, pageLoadStrategy: normal, platform: WINDOWS, platformName: WINDOWS, proxy: Proxy(), setWindowRect: true, strictFileInteractability: false, timeouts: {implicit: 0, pageLoad: 300000, script: 30000}, unhandledPromptBehavior: dismiss and notify, webauthn:extension:credBlob: true, webauthn:extension:largeBlob: true, webauthn:virtualAuthenticators: true}
Session ID: dfa3507dfee65899d9ac49dd84cb0a00
	at org.openqa.selenium.remote.http.W3CHttpResponseCodec.createException(W3CHttpResponseCodec.java:187)
	at org.openqa.selenium.remote.http.W3CHttpResponseCodec.decode(W3CHttpResponseCodec.java:122)
	at org.openqa.selenium.remote.http.W3CHttpResponseCodec.decode(W3CHttpResponseCodec.java:49)
	at org.openqa.selenium.remote.HttpCommandExecutor.execute(HttpCommandExecutor.java:158)
	at org.openqa.selenium.remote.service.DriverCommandExecutor.execute(DriverCommandExecutor.java:83)
	at org.openqa.selenium.remote.RemoteWebDriver.execute(RemoteWebDriver.java:552)
	at com.kms.katalon.selenium.driver.CChromeDriver.execute(CChromeDriver.java:19)
	at org.openqa.selenium.remote.RemoteWebDriver.get(RemoteWebDriver.java:277)
	at org.openqa.selenium.remote.RemoteWebDriver$RemoteNavigation.to(RemoteWebDriver.java:857)
	at org.openqa.selenium.support.events.EventFiringWebDriver$EventFiringNavigation.to(EventFiringWebDriver.java:569)
	at com.kms.katalon.core.webui.keyword.builtin.NavigateToUrlKeyword$_navigateToUrl_closure1.doCall(NavigateToUrlKeyword.groovy:81)
	at com.kms.katalon.core.webui.keyword.builtin.NavigateToUrlKeyword$_navigateToUrl_closure1.call(NavigateToUrlKeyword.groovy)
	at com.kms.katalon.core.webui.keyword.internal.WebUIKeywordMain.runKeyword(WebUIKeywordMain.groovy:20)
	at com.kms.katalon.core.webui.keyword.builtin.NavigateToUrlKeyword.navigateToUrl(NavigateToUrlKeyword.groovy:83)
	at com.kms.katalon.core.webui.keyword.builtin.NavigateToUrlKeyword.execute(NavigateToUrlKeyword.groovy:67)
	at com.kms.katalon.core.keyword.internal.KeywordExecutor.executeKeywordForPlatform(KeywordExecutor.groovy:74)
	at com.kms.katalon.core.webui.keyword.WebUiBuiltInKeywords.navigateToUrl(WebUiBuiltInKeywords.groovy:187)
	at com.kms.katalon.core.webui.keyword.WebUiBuiltInKeywords$navigateToUrl$1.call(Unknown Source)
	at Script1657698773137.run(Script1657698773137.groovy:25)
	... 13 more
)

2022-07-19 16:00:50 - [MESSAGE][FAILED] - Unable to navigate to 'https://dev-getvaccine-16.netlify.app/' (Root cause: com.kms.katalon.core.exception.StepFailedException: Unable to navigate to 'https://dev-getvaccine-16.netlify.app/'
	at com.kms.katalon.core.webui.keyword.internal.WebUIKeywordMain.stepFailed(WebUIKeywordMain.groovy:64)
	at com.kms.katalon.core.webui.keyword.internal.WebUIKeywordMain.runKeyword(WebUIKeywordMain.groovy:26)
	at com.kms.katalon.core.webui.keyword.builtin.NavigateToUrlKeyword.navigateToUrl(NavigateToUrlKeyword.groovy:83)
	at com.kms.katalon.core.webui.keyword.builtin.NavigateToUrlKeyword.execute(NavigateToUrlKeyword.groovy:67)
	at com.kms.katalon.core.keyword.internal.KeywordExecutor.executeKeywordForPlatform(KeywordExecutor.groovy:74)
	at com.kms.katalon.core.webui.keyword.WebUiBuiltInKeywords.navigateToUrl(WebUiBuiltInKeywords.groovy:187)
	at com.kms.katalon.core.webui.keyword.WebUiBuiltInKeywords$navigateToUrl$1.call(Unknown Source)
	at TC_Login.run(TC_Login:25)
	at com.kms.katalon.core.main.ScriptEngine.run(ScriptEngine.java:194)
	at com.kms.katalon.core.main.ScriptEngine.runScriptAsRawText(ScriptEngine.java:119)
	at com.kms.katalon.core.main.TestCaseExecutor.runScript(TestCaseExecutor.java:442)
	at com.kms.katalon.core.main.TestCaseExecutor.doExecute(TestCaseExecutor.java:433)
	at com.kms.katalon.core.main.TestCaseExecutor.processExecutionPhase(TestCaseExecutor.java:412)
	at com.kms.katalon.core.main.TestCaseExecutor.accessMainPhase(TestCaseExecutor.java:404)
	at com.kms.katalon.core.main.TestCaseExecutor.execute(TestCaseExecutor.java:281)
	at com.kms.katalon.core.main.TestSuiteExecutor.accessTestCaseMainPhase(TestSuiteExecutor.java:202)
	at com.kms.katalon.core.main.TestSuiteExecutor.accessTestSuiteMainPhase(TestSuiteExecutor.java:164)
	at com.kms.katalon.core.main.TestSuiteExecutor.execute(TestSuiteExecutor.java:105)
	at com.kms.katalon.core.main.TestCaseMain.startTestSuite(TestCaseMain.java:185)
	at com.kms.katalon.core.main.TestCaseMain$startTestSuite$0.call(Unknown Source)
[...]
	at com.kms.katalon.core.webui.keyword.internal.WebUIKeywordMain.stepFailed(WebUIKeywordMain.groovy:64)
	at com.kms.katalon.core.webui.keyword.internal.WebUIKeywordMain.runKeyword(WebUIKeywordMain.groovy:26)
	at com.kms.katalon.core.webui.keyword.builtin.ClickKeyword.click(ClickKeyword.groovy:74)
	at com.kms.katalon.core.webui.keyword.builtin.ClickKeyword.execute(ClickKeyword.groovy:40)
	at com.kms.katalon.core.keyword.internal.KeywordExecutor.executeKeywordForPlatform(KeywordExecutor.groovy:74)
	at com.kms.katalon.core.webui.keyword.WebUiBuiltInKeywords.click(WebUiBuiltInKeywords.groovy:620)
	at com.kms.katalon.core.webui.keyword.WebUiBuiltInKeywords$click$2.call(Unknown Source)
	at Logout.run(Logout:20)
	at com.kms.katalon.core.main.ScriptEngine.run(ScriptEngine.java:194)
	at com.kms.katalon.core.main.ScriptEngine.runScriptAsRawText(ScriptEngine.java:119)
	at com.kms.katalon.core.main.TestCaseExecutor.runScript(TestCaseExecutor.java:442)
	at com.kms.katalon.core.main.TestCaseExecutor.doExecute(TestCaseExecutor.java:433)
	at com.kms.katalon.core.main.TestCaseExecutor.processExecutionPhase(TestCaseExecutor.java:412)
	at com.kms.katalon.core.main.TestCaseExecutor.accessMainPhase(TestCaseExecutor.java:404)
	at com.kms.katalon.core.main.TestCaseExecutor.execute(TestCaseExecutor.java:281)
	at com.kms.katalon.core.main.TestSuiteExecutor.accessTestCaseMainPhase(TestSuiteExecutor.java:202)
	at com.kms.katalon.core.main.TestSuiteExecutor.accessTestSuiteMainPhase(TestSuiteExecutor.java:164)
	at com.kms.katalon.core.main.TestSuiteExecutor.execute(TestSuiteExecutor.java:105)
	at com.kms.katalon.core.main.TestCaseMain.startTestSuite(TestCaseMain.java:185)
	at com.kms.katalon.core.main.TestCaseMain$startTestSuite$0.call(Unknown Source)
	at TempTestSuite1658220577327.run(TempTestSuite1658220577327.groovy:36)
Caused by: org.openqa.selenium.ElementNotInteractableException: element not interactable
  (Session info: chrome=103.0.5060.114)
Build info: version: '3.141.59', revision: 'e82be7d358', time: '2018-11-14T08:25:53'
System info: host: 'DESKTOP-D9B57TC', ip: '192.168.100.66', os.name: 'Windows 10', os.arch: 'amd64', os.version: '10.0', java.version: '1.8.0_282'
Driver info: com.kms.katalon.selenium.driver.CChromeDriver
Capabilities {acceptInsecureCerts: false, browserName: chrome, browserVersion: 103.0.5060.114, chrome: {chromedriverVersion: 103.0.5060.53 (a1711811edd7..., userDataDir: C:\Users\THINKP~1\AppData\L...}, goog:chromeOptions: {debuggerAddress: localhost:61171}, javascriptEnabled: true, networkConnectionEnabled: false, pageLoadStrategy: normal, platform: WINDOWS, platformName: WINDOWS, proxy: Proxy(), setWindowRect: true, strictFileInteractability: false, timeouts: {implicit: 0, pageLoad: 300000, script: 30000}, unhandledPromptBehavior: dismiss and notify, webauthn:extension:credBlob: true, webauthn:extension:largeBlob: true, webauthn:virtualAuthenticators: true}
Session ID: a5f1eb6c6d1538cb1973dc15703b1a24
	at org.openqa.selenium.remote.http.W3CHttpResponseCodec.createException(W3CHttpResponseCodec.java:187)
	at org.openqa.selenium.remote.http.W3CHttpResponseCodec.decode(W3CHttpResponseCodec.java:122)
	at org.openqa.selenium.remote.http.W3CHttpResponseCodec.decode(W3CHttpResponseCodec.java:49)
	at org.openqa.selenium.remote.HttpCommandExecutor.execute(HttpCommandExecutor.java:158)
	at org.openqa.selenium.remote.service.DriverCommandExecutor.execute(DriverCommandExecutor.java:83)
	at org.openqa.selenium.remote.RemoteWebDriver.execute(RemoteWebDriver.java:552)
	at com.kms.katalon.selenium.driver.CChromeDriver.execute(CChromeDriver.java:19)
	at org.openqa.selenium.remote.RemoteWebElement.execute(RemoteWebElement.java:285)
	at org.openqa.selenium.remote.RemoteWebElement.click(RemoteWebElement.java:84)
	at org.openqa.selenium.support.events.EventFiringWebDriver$EventFiringWebElement.lambda$new$0(EventFiringWebDriver.java:404)
	at com.sun.proxy.$Proxy11.click(Unknown Source)
	at org.openqa.selenium.support.events.EventFiringWebDriver$EventFiringWebElement.click(EventFiringWebDriver.java:417)
	at org.openqa.selenium.WebElement$click.call(Unknown Source)
	at com.kms.katalon.core.webui.keyword.builtin.ClickKeyword.clickUntilSuccessWithTimeout(ClickKeyword.groovy:81)
	at com.kms.katalon.core.webui.keyword.builtin.ClickKeyword.clickUntilSuccessWithTimeout(ClickKeyword.groovy)
	at com.kms.katalon.core.webui.keyword.builtin.ClickKeyword$_click_closure1.doCall(ClickKeyword.groovy:67)
	at com.kms.katalon.core.webui.keyword.builtin.ClickKeyword$_click_closure1.call(ClickKeyword.groovy)
	at com.kms.katalon.core.webui.keyword.internal.WebUIKeywordMain.runKeyword(WebUIKeywordMain.groovy:20)
	at com.kms.katalon.core.webui.keyword.builtin.ClickKeyword.click(ClickKeyword.groovy:74)
	at com.kms.katalon.core.webui.keyword.builtin.ClickKeyword.execute(ClickKeyword.groovy:40)
	at com.kms.katalon.core.keyword.internal.KeywordExecutor.executeKeywordForPlatform(KeywordExecutor.groovy:74)
	at com.kms.katalon.core.webui.keyword.WebUiBuiltInKeywords.click(WebUiBuiltInKeywords.groovy:620)
	at com.kms.katalon.core.webui.keyword.WebUiBuiltInKeywords$click$2.call(Unknown Source)
	at Script1657698773116.run(Script1657698773116.groovy:20)
	... 13 more
)
[[ATTACHMENT|C:\\Users\\Thinkpad X260\\git\\CapstoneWEBSITE\\Reports\\20220719_154937\\TS_CITIZEN\\20220719_154937\\1658221733275.png]]]]></system-out>
         <system-err><![CDATA[2022-07-19 16:08:52 - [TEST_CASE][FAILED] - Test Cases/CITIZEN/AUTH/Logout: Test Cases/CITIZEN/AUTH/Logout FAILED.
Reason:
com.kms.katalon.core.exception.StepFailedException: Unable to click on object 'Object Repository/CITIZEN/Page_Tiket Vaksin  GetVaccine/svg_Tiket_ant-dropdown-trigger ant-dropdown_754753'
	at com.kms.katalon.core.webui.keyword.internal.WebUIKeywordMain.stepFailed(WebUIKeywordMain.groovy:64)
	at com.kms.katalon.core.webui.keyword.internal.WebUIKeywordMain.runKeyword(WebUIKeywordMain.groovy:26)
	at com.kms.katalon.core.webui.keyword.builtin.ClickKeyword.click(ClickKeyword.groovy:74)
	at com.kms.katalon.core.webui.keyword.builtin.ClickKeyword.execute(ClickKeyword.groovy:40)
	at com.kms.katalon.core.keyword.internal.KeywordExecutor.executeKeywordForPlatform(KeywordExecutor.groovy:74)
	at com.kms.katalon.core.webui.keyword.WebUiBuiltInKeywords.click(WebUiBuiltInKeywords.groovy:620)
	at com.kms.katalon.core.webui.keyword.WebUiBuiltInKeywords$click$2.call(Unknown Source)
	at Logout.run(Logout:20)
	at com.kms.katalon.core.main.ScriptEngine.run(ScriptEngine.java:194)
	at com.kms.katalon.core.main.ScriptEngine.runScriptAsRawText(ScriptEngine.java:119)
	at com.kms.katalon.core.main.TestCaseExecutor.runScript(TestCaseExecutor.java:442)
	at com.kms.katalon.core.main.TestCaseExecutor.doExecute(TestCaseExecutor.java:433)
	at com.kms.katalon.core.main.TestCaseExecutor.processExecutionPhase(TestCaseExecutor.java:412)
	at com.kms.katalon.core.main.TestCaseExecutor.accessMainPhase(TestCaseExecutor.java:404)
	at com.kms.katalon.core.main.TestCaseExecutor.execute(TestCaseExecutor.java:281)
	at com.kms.katalon.core.main.TestSuiteExecutor.accessTestCaseMainPhase(TestSuiteExecutor.java:202)
	at com.kms.katalon.core.main.TestSuiteExecutor.accessTestSuiteMainPhase(TestSuiteExecutor.java:164)
	at com.kms.katalon.core.main.TestSuiteExecutor.execute(TestSuiteExecutor.java:105)
	at com.kms.katalon.core.main.TestCaseMain.startTestSuite(TestCaseMain.java:185)
	at com.kms.katalon.core.main.TestCaseMain$startTestSuite$0.call(Unknown Source)
	at TempTestSuite1658220577327.run(TempTestSuite1658220577327.groovy:36)
Caused by: org.openqa.selenium.ElementNotInteractableException: element not interactable
  (Session info: chrome=103.0.5060.114)
Build info: version: '3.141.59', revision: 'e82be7d358', time: '2018-11-14T08:25:53'
System info: host: 'DESKTOP-D9B57TC', ip: '192.168.100.66', os.name: 'Windows 10', os.arch: 'amd64', os.version: '10.0', java.version: '1.8.0_282'
Driver info: com.kms.katalon.selenium.driver.CChromeDriver
Capabilities {acceptInsecureCerts: false, browserName: chrome, browserVersion: 103.0.5060.114, chrome: {chromedriverVersion: 103.0.5060.53 (a1711811edd7..., userDataDir: C:\Users\THINKP~1\AppData\L...}, goog:chromeOptions: {debuggerAddress: localhost:61171}, javascriptEnabled: true, networkConnectionEnabled: false, pageLoadStrategy: normal, platform: WINDOWS, platformName: WINDOWS, proxy: Proxy(), setWindowRect: true, strictFileInteractability: false, timeouts: {implicit: 0, pageLoad: 300000, script: 30000}, unhandledPromptBehavior: dismiss and notify, webauthn:extension:credBlob: true, webauthn:extension:largeBlob: true, webauthn:virtualAuthenticators: true}
Session ID: a5f1eb6c6d1538cb1973dc15703b1a24
	at org.openqa.selenium.remote.http.W3CHttpResponseCodec.createException(W3CHttpResponseCodec.java:187)
	at org.openqa.selenium.remote.http.W3CHttpResponseCodec.decode(W3CHttpResponseCodec.java:122)
	at org.openqa.selenium.remote.http.W3CHttpResponseCodec.decode(W3CHttpResponseCodec.java:49)
	at org.openqa.selenium.remote.HttpCommandExecutor.execute(HttpCommandExecutor.java:158)
	at org.openqa.selenium.remote.service.DriverCommandExecutor.execute(DriverCommandExecutor.java:83)
	at org.openqa.selenium.remote.RemoteWebDriver.execute(RemoteWebDriver.java:552)
	at com.kms.katalon.selenium.driver.CChromeDriver.execute(CChromeDriver.java:19)
	at org.openqa.selenium.remote.RemoteWebElement.execute(RemoteWebElement.java:285)
	at org.openqa.selenium.remote.RemoteWebElement.click(RemoteWebElement.java:84)
	at org.openqa.selenium.support.events.EventFiringWebDriver$EventFiringWebElement.lambda$new$0(EventFiringWebDriver.java:404)
	at com.sun.proxy.$Proxy11.click(Unknown Source)
	at org.openqa.selenium.support.events.EventFiringWebDriver$EventFiringWebElement.click(EventFiringWebDriver.java:417)
	at org.openqa.selenium.WebElement$click.call(Unknown Source)
	at com.kms.katalon.core.webui.keyword.builtin.ClickKeyword.clickUntilSuccessWithTimeout(ClickKeyword.groovy:81)
	at com.kms.katalon.core.webui.keyword.builtin.ClickKeyword.clickUntilSuccessWithTimeout(ClickKeyword.groovy)
	at com.kms.katalon.core.webui.keyword.builtin.ClickKeyword$_click_closure1.doCall(ClickKeyword.groovy:67)
	at com.kms.katalon.core.webui.keyword.builtin.ClickKeyword$_click_closure1.call(ClickKeyword.groovy)
	at com.kms.katalon.core.webui.keyword.internal.WebUIKeywordMain.runKeyword(WebUIKeywordMain.groovy:20)
	... 19 more]]></system-err>
      </testcase>
      <system-out><![CDATA[2022-07-19 15:49:42 - [TEST_SUITE][FAILED] - TS_CITIZEN: Test Cases/CITIZEN/AUTH/TC_Login FAILED.
Reason:
com.kms.katalon.core.exception.StepFailedException: Unable to navigate to 'https://dev-getvaccine-16.netlify.app/'
	at com.kms.katalon.core.webui.keyword.internal.WebUIKeywordMain.stepFailed(WebUIKeywordMain.groovy:64)
	at com.kms.katalon.core.webui.keyword.internal.WebUIKeywordMain.runKeyword(WebUIKeywordMain.groovy:26)
	at com.kms.katalon.core.webui.keyword.builtin.NavigateToUrlKeyword.navigateToUrl(NavigateToUrlKeyword.groovy:83)
	at com.kms.katalon.core.webui.keyword.builtin.NavigateToUrlKeyword.execute(NavigateToUrlKeyword.groovy:67)
	at com.kms.katalon.core.keyword.internal.KeywordExecutor.executeKeywordForPlatform(KeywordExecutor.groovy:74)
	at com.kms.katalon.core.webui.keyword.WebUiBuiltInKeywords.navigateToUrl(WebUiBuiltInKeywords.groovy:187)
	at com.kms.katalon.core.webui.keyword.WebUiBuiltInKeywords$navigateToUrl$1.call(Unknown Source)
	at TC_Login.run(TC_Login:25)
	at com.kms.katalon.core.main.ScriptEngine.run(ScriptEngine.java:194)
	at com.kms.katalon.core.main.ScriptEngine.runScriptAsRawText(ScriptEngine.java:119)
	at com.kms.katalon.core.main.TestCaseExecutor.runScript(TestCaseExecutor.java:442)
	at com.kms.katalon.core.main.TestCaseExecutor.doExecute(TestCaseExecutor.java:433)
	at com.kms.katalon.core.main.TestCaseExecutor.processExecutionPhase(TestCaseExecutor.java:412)
	at com.kms.katalon.core.main.TestCaseExecutor.accessMainPhase(TestCaseExecutor.java:404)
	at com.kms.katalon.core.main.TestCaseExecutor.execute(TestCaseExecutor.java:281)
	at com.kms.katalon.core.main.TestSuiteExecutor.accessTestCaseMainPhase(TestSuiteExecutor.java:202)
	at com.kms.katalon.core.main.TestSuiteExecutor.accessTestSuiteMainPhase(TestSuiteExecutor.java:164)
	at com.kms.katalon.core.main.TestSuiteExecutor.execute(TestSuiteExecutor.java:105)
	at com.kms.katalon.core.main.TestCaseMain.startTestSuite(TestCaseMain.java:185)
	at com.kms.katalon.core.main.TestCaseMain$startTestSuite$0.call(Unknown Source)
	at TempTestSuite1658220577327.run(TempTestSuite1658220577327.groovy:36)
Caused by: org.openqa.selenium.WebDriverException: unknown error: net::ERR_CONNECTION_TIMED_OUT
  (Session info: chrome=103.0.5060.114)
Build info: version: '3.141.59', revision: 'e82be7d358', time: '2018-11-14T08:25:53'
System info: host: 'DESKTOP-D9B57TC', ip: '192.168.100.66', os.name: 'Windows 10', os.arch: 'amd64', os.version: '10.0', java.version: '1.8.0_282'
Driver info: com.kms.katalon.selenium.driver.CChromeDriver
Capabilities {acceptInsecureCerts: false, browserName: chrome, browserVersion: 103.0.5060.114, chrome: {chromedriverVersion: 103.0.5060.53 (a1711811edd7..., userDataDir: C:\Users\THINKP~1\AppData\L...}, goog:chromeOptions: {debuggerAddress: localhost:60946}, javascriptEnabled: true, networkConnectionEnabled: false, pageLoadStrategy: normal, platform: WINDOWS, platformName: WINDOWS, proxy: Proxy(), setWindowRect: true, strictFileInteractability: false, timeouts: {implicit: 0, pageLoad: 300000, script: 30000}, unhandledPromptBehavior: dismiss and notify, webauthn:extension:credBlob: true, webauthn:extension:largeBlob: true, webauthn:virtualAuthenticators: true}
Session ID: dfa3507dfee65899d9ac49dd84cb0a00
	at org.openqa.selenium.remote.http.W3CHttpResponseCodec.createException(W3CHttpResponseCodec.java:187)
	at org.openqa.selenium.remote.http.W3CHttpResponseCodec.decode(W3CHttpResponseCodec.java:122)
	at org.openqa.selenium.remote.http.W3CHttpResponseCodec.decode(W3CHttpResponseCodec.java:49)
	at org.openqa.selenium.remote.HttpCommandExecutor.execute(HttpCommandExecutor.java:158)
	at org.openqa.selenium.remote.service.DriverCommandExecutor.execute(DriverCommandExecutor.java:83)
	at org.openqa.selenium.remote.RemoteWebDriver.execute(RemoteWebDriver.java:552)
	at com.kms.katalon.selenium.driver.CChromeDriver.execute(CChromeDriver.java:19)
	at org.openqa.selenium.remote.RemoteWebDriver.get(RemoteWebDriver.java:277)
	at org.openqa.selenium.remote.RemoteWebDriver$RemoteNavigation.to(RemoteWebDriver.java:857)
	at org.openqa.selenium.support.events.EventFiringWebDriver$EventFiringNavigation.to(EventFiringWebDriver.java:569)
	at com.kms.katalon.core.webui.keyword.builtin.NavigateToUrlKeyword$_navigateToUrl_closure1.doCall(NavigateToUrlKeyword.groovy:81)
	at com.kms.katalon.core.webui.keyword.builtin.NavigateToUrlKeyword$_navigateToUrl_closure1.call(NavigateToUrlKeyword.groovy)
	at com.kms.katalon.core.webui.keyword.internal.WebUIKeywordMain.runKeyword(WebUIKeywordMain.groovy:20)
	... 19 more]]></system-out>
      <system-err><![CDATA[2022-07-19 15:49:42 - [TEST_SUITE][FAILED] - TS_CITIZEN: Test Cases/CITIZEN/AUTH/TC_Login FAILED.
Reason:
com.kms.katalon.core.exception.StepFailedException: Unable to navigate to 'https://dev-getvaccine-16.netlify.app/'
	at com.kms.katalon.core.webui.keyword.internal.WebUIKeywordMain.stepFailed(WebUIKeywordMain.groovy:64)
	at com.kms.katalon.core.webui.keyword.internal.WebUIKeywordMain.runKeyword(WebUIKeywordMain.groovy:26)
	at com.kms.katalon.core.webui.keyword.builtin.NavigateToUrlKeyword.navigateToUrl(NavigateToUrlKeyword.groovy:83)
	at com.kms.katalon.core.webui.keyword.builtin.NavigateToUrlKeyword.execute(NavigateToUrlKeyword.groovy:67)
	at com.kms.katalon.core.keyword.internal.KeywordExecutor.executeKeywordForPlatform(KeywordExecutor.groovy:74)
	at com.kms.katalon.core.webui.keyword.WebUiBuiltInKeywords.navigateToUrl(WebUiBuiltInKeywords.groovy:187)
	at com.kms.katalon.core.webui.keyword.WebUiBuiltInKeywords$navigateToUrl$1.call(Unknown Source)
	at TC_Login.run(TC_Login:25)
	at com.kms.katalon.core.main.ScriptEngine.run(ScriptEngine.java:194)
	at com.kms.katalon.core.main.ScriptEngine.runScriptAsRawText(ScriptEngine.java:119)
	at com.kms.katalon.core.main.TestCaseExecutor.runScript(TestCaseExecutor.java:442)
	at com.kms.katalon.core.main.TestCaseExecutor.doExecute(TestCaseExecutor.java:433)
	at com.kms.katalon.core.main.TestCaseExecutor.processExecutionPhase(TestCaseExecutor.java:412)
	at com.kms.katalon.core.main.TestCaseExecutor.accessMainPhase(TestCaseExecutor.java:404)
	at com.kms.katalon.core.main.TestCaseExecutor.execute(TestCaseExecutor.java:281)
	at com.kms.katalon.core.main.TestSuiteExecutor.accessTestCaseMainPhase(TestSuiteExecutor.java:202)
	at com.kms.katalon.core.main.TestSuiteExecutor.accessTestSuiteMainPhase(TestSuiteExecutor.java:164)
	at com.kms.katalon.core.main.TestSuiteExecutor.execute(TestSuiteExecutor.java:105)
	at com.kms.katalon.core.main.TestCaseMain.startTestSuite(TestCaseMain.java:185)
	at com.kms.katalon.core.main.TestCaseMain$startTestSuite$0.call(Unknown Source)
	at TempTestSuite1658220577327.run(TempTestSuite1658220577327.groovy:36)
Caused by: org.openqa.selenium.WebDriverException: unknown error: net::ERR_CONNECTION_TIMED_OUT
  (Session info: chrome=103.0.5060.114)
Build info: version: '3.141.59', revision: 'e82be7d358', time: '2018-11-14T08:25:53'
System info: host: 'DESKTOP-D9B57TC', ip: '192.168.100.66', os.name: 'Windows 10', os.arch: 'amd64', os.version: '10.0', java.version: '1.8.0_282'
Driver info: com.kms.katalon.selenium.driver.CChromeDriver
Capabilities {acceptInsecureCerts: false, browserName: chrome, browserVersion: 103.0.5060.114, chrome: {chromedriverVersion: 103.0.5060.53 (a1711811edd7..., userDataDir: C:\Users\THINKP~1\AppData\L...}, goog:chromeOptions: {debuggerAddress: localhost:60946}, javascriptEnabled: true, networkConnectionEnabled: false, pageLoadStrategy: normal, platform: WINDOWS, platformName: WINDOWS, proxy: Proxy(), setWindowRect: true, strictFileInteractability: false, timeouts: {implicit: 0, pageLoad: 300000, script: 30000}, unhandledPromptBehavior: dismiss and notify, webauthn:extension:credBlob: true, webauthn:extension:largeBlob: true, webauthn:virtualAuthenticators: true}
Session ID: dfa3507dfee65899d9ac49dd84cb0a00
	at org.openqa.selenium.remote.http.W3CHttpResponseCodec.createException(W3CHttpResponseCodec.java:187)
	at org.openqa.selenium.remote.http.W3CHttpResponseCodec.decode(W3CHttpResponseCodec.java:122)
	at org.openqa.selenium.remote.http.W3CHttpResponseCodec.decode(W3CHttpResponseCodec.java:49)
	at org.openqa.selenium.remote.HttpCommandExecutor.execute(HttpCommandExecutor.java:158)
	at org.openqa.selenium.remote.service.DriverCommandExecutor.execute(DriverCommandExecutor.java:83)
	at org.openqa.selenium.remote.RemoteWebDriver.execute(RemoteWebDriver.java:552)
	at com.kms.katalon.selenium.driver.CChromeDriver.execute(CChromeDriver.java:19)
	at org.openqa.selenium.remote.RemoteWebDriver.get(RemoteWebDriver.java:277)
	at org.openqa.selenium.remote.RemoteWebDriver$RemoteNavigation.to(RemoteWebDriver.java:857)
	at org.openqa.selenium.support.events.EventFiringWebDriver$EventFiringNavigation.to(EventFiringWebDriver.java:569)
	at com.kms.katalon.core.webui.keyword.builtin.NavigateToUrlKeyword$_navigateToUrl_closure1.doCall(NavigateToUrlKeyword.groovy:81)
	at com.kms.katalon.core.webui.keyword.builtin.NavigateToUrlKeyword$_navigateToUrl_closure1.call(NavigateToUrlKeyword.groovy)
	at com.kms.katalon.core.webui.keyword.internal.WebUIKeywordMain.runKeyword(WebUIKeywordMain.groovy:20)
	... 19 more]]></system-err>
   </testsuite>
</testsuites>
